C:\USERS\HEGEL5000\DOCUMENTS\VISUAL STUDIO 2012\PROJECTS\STARTER CODE GLUT\STARTER CODE GLUT\DEBUG\EASYBMP.OBJ
C:\USERS\HEGEL5000\DOCUMENTS\VISUAL STUDIO 2012\PROJECTS\STARTER CODE GLUT\STARTER CODE GLUT\DEBUG\INTERSECTION.OBJ
C:\USERS\HEGEL5000\DOCUMENTS\VISUAL STUDIO 2012\PROJECTS\STARTER CODE GLUT\STARTER CODE GLUT\DEBUG\LIGHT.OBJ
C:\USERS\HEGEL5000\DOCUMENTS\VISUAL STUDIO 2012\PROJECTS\STARTER CODE GLUT\STARTER CODE GLUT\DEBUG\MAIN.OBJ
C:\USERS\HEGEL5000\DOCUMENTS\VISUAL STUDIO 2012\PROJECTS\STARTER CODE GLUT\STARTER CODE GLUT\DEBUG\MATERIAL.OBJ
C:\USERS\HEGEL5000\DOCUMENTS\VISUAL STUDIO 2012\PROJECTS\STARTER CODE GLUT\STARTER CODE GLUT\DEBUG\MATHSTUFF.OBJ
C:\USERS\HEGEL5000\DOCUMENTS\VISUAL STUDIO 2012\PROJECTS\STARTER CODE GLUT\STARTER CODE GLUT\DEBUG\MESH.OBJ
C:\USERS\HEGEL5000\DOCUMENTS\VISUAL STUDIO 2012\PROJECTS\STARTER CODE GLUT\STARTER CODE GLUT\DEBUG\MESHGEN.OBJ
C:\USERS\HEGEL5000\DOCUMENTS\VISUAL STUDIO 2012\PROJECTS\STARTER CODE GLUT\STARTER CODE GLUT\DEBUG\QUADFORMU.OBJ
C:\USERS\HEGEL5000\DOCUMENTS\VISUAL STUDIO 2012\PROJECTS\STARTER CODE GLUT\STARTER CODE GLUT\DEBUG\RAY.OBJ
C:\USERS\HEGEL5000\DOCUMENTS\VISUAL STUDIO 2012\PROJECTS\STARTER CODE GLUT\STARTER CODE GLUT\DEBUG\SCENE.OBJ
C:\USERS\HEGEL5000\DOCUMENTS\VISUAL STUDIO 2012\PROJECTS\STARTER CODE GLUT\STARTER CODE GLUT\DEBUG\SCENENODE.OBJ
C:\USERS\HEGEL5000\DOCUMENTS\VISUAL STUDIO 2012\PROJECTS\STARTER CODE GLUT\STARTER CODE GLUT\DEBUG\SHAPEGEN.OBJ
C:\USERS\HEGEL5000\DOCUMENTS\VISUAL STUDIO 2012\PROJECTS\STARTER CODE GLUT\STARTER CODE GLUT\DEBUG\STUBS.OBJ
C:\USERS\HEGEL5000\DOCUMENTS\VISUAL STUDIO 2012\PROJECTS\STARTER CODE GLUT\STARTER CODE GLUT\DEBUG\TESTS.OBJ
C:\USERS\HEGEL5000\DOCUMENTS\VISUAL STUDIO 2012\PROJECTS\STARTER CODE GLUT\STARTER CODE GLUT\DEBUG\TEXTFILEREADER.OBJ
C:\USERS\HEGEL5000\DOCUMENTS\VISUAL STUDIO 2012\PROJECTS\STARTER CODE GLUT\STARTER CODE GLUT\DEBUG\VC110.PDB
C:\USERS\HEGEL5000\DOCUMENTS\VISUAL STUDIO 2012\PROJECTS\STARTER CODE GLUT\STARTER CODE GLUT\DEBUG\GLEW.OBJ
C:\PORTINST\OCULUSSDK\SAMPLES\STARTER CODE GLUT\DEBUG\EASYBMP.OBJ
C:\PORTINST\OCULUSSDK\SAMPLES\STARTER CODE GLUT\DEBUG\INTERSECTION.OBJ
C:\PORTINST\OCULUSSDK\SAMPLES\STARTER CODE GLUT\DEBUG\LIGHT.OBJ
C:\PORTINST\OCULUSSDK\SAMPLES\STARTER CODE GLUT\DEBUG\MATERIAL.OBJ
C:\PORTINST\OCULUSSDK\SAMPLES\STARTER CODE GLUT\DEBUG\MATHSTUFF.OBJ
C:\PORTINST\OCULUSSDK\SAMPLES\STARTER CODE GLUT\DEBUG\MESH.OBJ
C:\PORTINST\OCULUSSDK\SAMPLES\STARTER CODE GLUT\DEBUG\MESHGEN.OBJ
C:\PORTINST\OCULUSSDK\SAMPLES\STARTER CODE GLUT\DEBUG\QUADFORMU.OBJ
C:\PORTINST\OCULUSSDK\SAMPLES\STARTER CODE GLUT\DEBUG\RAY.OBJ
C:\PORTINST\OCULUSSDK\SAMPLES\STARTER CODE GLUT\DEBUG\SCENE.OBJ
C:\PORTINST\OCULUSSDK\SAMPLES\STARTER CODE GLUT\DEBUG\SCENENODE.OBJ
C:\PORTINST\OCULUSSDK\SAMPLES\STARTER CODE GLUT\DEBUG\SHAPEGEN.OBJ
C:\PORTINST\OCULUSSDK\SAMPLES\STARTER CODE GLUT\DEBUG\STUBS.OBJ
C:\PORTINST\OCULUSSDK\SAMPLES\STARTER CODE GLUT\DEBUG\TESTS.OBJ
C:\PORTINST\OCULUSSDK\SAMPLES\STARTER CODE GLUT\DEBUG\TEXTFILEREADER.OBJ
C:\PORTINST\OCULUSSDK\SAMPLES\STARTER CODE GLUT\DEBUG\VC110.PDB
C:\PORTINST\OCULUSSDK\SAMPLES\STARTER CODE GLUT\DEBUG\MAIN.OBJ
C:\PORTINST\OCULUSSDK\SAMPLES\STARTER CODE GLUT\DEBUG\GLEW.OBJ
C:\USERS\HEGEL5000\DOCUMENTS\VISUAL STUDIO 2012\PROJECTS\STARTER CODE GLUT\DEBUG\STARTER CODE GLUT.ILK
C:\USERS\HEGEL5000\DOCUMENTS\VISUAL STUDIO 2012\PROJECTS\STARTER CODE GLUT\DEBUG\STARTER CODE GLUT.EXE
C:\USERS\HEGEL5000\DOCUMENTS\VISUAL STUDIO 2012\PROJECTS\STARTER CODE GLUT\DEBUG\STARTER CODE GLUT.PDB
C:\PORTINST\OCULUSSDK\SAMPLES\DEBUG\STARTER CODE GLUT.ILK
C:\PORTINST\OCULUSSDK\SAMPLES\DEBUG\STARTER CODE GLUT.EXE
C:\PORTINST\OCULUSSDK\SAMPLES\DEBUG\STARTER CODE GLUT.PDB
C:\portInst\OculusSDK\Samples\Starter Code GLUT\Debug\EasyBMP.obj
C:\portInst\OculusSDK\Samples\Starter Code GLUT\Debug\glew.obj
C:\portInst\OculusSDK\Samples\Starter Code GLUT\Debug\Intersection.obj
C:\portInst\OculusSDK\Samples\Starter Code GLUT\Debug\Light.obj
C:\portInst\OculusSDK\Samples\Starter Code GLUT\Debug\main.obj
C:\portInst\OculusSDK\Samples\Starter Code GLUT\Debug\Material.obj
C:\portInst\OculusSDK\Samples\Starter Code GLUT\Debug\MathStuff.obj
C:\portInst\OculusSDK\Samples\Starter Code GLUT\Debug\Mesh.obj
C:\portInst\OculusSDK\Samples\Starter Code GLUT\Debug\MeshGen.obj
C:\portInst\OculusSDK\Samples\Starter Code GLUT\Debug\QuadFormu.obj
C:\portInst\OculusSDK\Samples\Starter Code GLUT\Debug\Ray.obj
C:\portInst\OculusSDK\Samples\Starter Code GLUT\Debug\Scene.obj
C:\portInst\OculusSDK\Samples\Starter Code GLUT\Debug\SceneNode.obj
C:\portInst\OculusSDK\Samples\Starter Code GLUT\Debug\ShapeGen.obj
C:\portInst\OculusSDK\Samples\Starter Code GLUT\Debug\stubs.obj
C:\portInst\OculusSDK\Samples\Starter Code GLUT\Debug\tests.obj
C:\portInst\OculusSDK\Samples\Starter Code GLUT\Debug\TextFileReader.obj
C:\portInst\OculusSDK\Samples\Starter Code GLUT\Debug\Starter Code GLUT.ilk
C:\portInst\OculusSDK\Samples\Starter Code GLUT\Debug\cl.command.1.tlog
C:\portInst\OculusSDK\Samples\Starter Code GLUT\Debug\CL.read.1.tlog
C:\portInst\OculusSDK\Samples\Starter Code GLUT\Debug\CL.write.1.tlog
C:\portInst\OculusSDK\Samples\Starter Code GLUT\Debug\link-cvtres.read.1.tlog
C:\portInst\OculusSDK\Samples\Starter Code GLUT\Debug\link-cvtres.write.1.tlog
C:\portInst\OculusSDK\Samples\Starter Code GLUT\Debug\link-rc.read.1.tlog
C:\portInst\OculusSDK\Samples\Starter Code GLUT\Debug\link-rc.write.1.tlog
C:\portInst\OculusSDK\Samples\Starter Code GLUT\Debug\link.1712-cvtres.read.1.tlog
C:\portInst\OculusSDK\Samples\Starter Code GLUT\Debug\link.1712-cvtres.write.1.tlog
C:\portInst\OculusSDK\Samples\Starter Code GLUT\Debug\link.1712-rc.read.1.tlog
C:\portInst\OculusSDK\Samples\Starter Code GLUT\Debug\link.1712-rc.write.1.tlog
C:\portInst\OculusSDK\Samples\Starter Code GLUT\Debug\link.1712.read.1.tlog
C:\portInst\OculusSDK\Samples\Starter Code GLUT\Debug\link.1712.write.1.tlog
C:\portInst\OculusSDK\Samples\Starter Code GLUT\Debug\link.2724-cvtres.read.1.tlog
C:\portInst\OculusSDK\Samples\Starter Code GLUT\Debug\link.2724-cvtres.write.1.tlog
C:\portInst\OculusSDK\Samples\Starter Code GLUT\Debug\link.2724-rc.read.1.tlog
C:\portInst\OculusSDK\Samples\Starter Code GLUT\Debug\link.2724-rc.write.1.tlog
C:\portInst\OculusSDK\Samples\Starter Code GLUT\Debug\link.2724.read.1.tlog
C:\portInst\OculusSDK\Samples\Starter Code GLUT\Debug\link.2724.write.1.tlog
C:\portInst\OculusSDK\Samples\Starter Code GLUT\Debug\link.3964-cvtres.read.1.tlog
C:\portInst\OculusSDK\Samples\Starter Code GLUT\Debug\link.3964-cvtres.write.1.tlog
C:\portInst\OculusSDK\Samples\Starter Code GLUT\Debug\link.3964-rc.read.1.tlog
C:\portInst\OculusSDK\Samples\Starter Code GLUT\Debug\link.3964-rc.write.1.tlog
C:\portInst\OculusSDK\Samples\Starter Code GLUT\Debug\link.3964.read.1.tlog
C:\portInst\OculusSDK\Samples\Starter Code GLUT\Debug\link.3964.write.1.tlog
C:\portInst\OculusSDK\Samples\Starter Code GLUT\Debug\link.6068-cvtres.read.1.tlog
C:\portInst\OculusSDK\Samples\Starter Code GLUT\Debug\link.6068-cvtres.write.1.tlog
C:\portInst\OculusSDK\Samples\Starter Code GLUT\Debug\link.6068-rc.read.1.tlog
C:\portInst\OculusSDK\Samples\Starter Code GLUT\Debug\link.6068-rc.write.1.tlog
C:\portInst\OculusSDK\Samples\Starter Code GLUT\Debug\link.6068.read.1.tlog
C:\portInst\OculusSDK\Samples\Starter Code GLUT\Debug\link.6068.write.1.tlog
C:\portInst\OculusSDK\Samples\Starter Code GLUT\Debug\link.command.1.tlog
C:\portInst\OculusSDK\Samples\Starter Code GLUT\Debug\link.read.1.tlog
C:\portInst\OculusSDK\Samples\Starter Code GLUT\Debug\link.write.1.tlog
C:\portInst\OculusSDK\Samples\Starter Code GLUT\Debug\vc110.idb
C:\portInst\OculusSDK\Samples\Starter Code GLUT\Debug\Starter Code GLUT.pdb
C:\portInst\OculusSDK\Samples\Starter Code GLUT\Debug\vc110.pdb
C:\portInst\OculusSDK\Samples\Debug\Starter Code GLUT.pdb
C:\portInst\OculusSDK\Samples\Debug\Starter Code GLUT.exe
C:\portInst\OculusSDK\Samples\Debug\Starter Code GLUT.ilk
