Build started 12/22/2014 7:38:01 PM.
     1>Project "C:\Users\hegel5000\Documents\Visual Studio 2012\Projects\Starter Code GLUT\Starter Code GLUT\Starter Code GLUT.vcxproj" on node 2 (Build target(s)).
     1>ClCompile:
         C:\Program Files (x86)\Microsoft Visual Studio 11.0\VC\bin\CL.exe /c /Zi /nologo /W3 /WX- /O2 /Oi /Oy- /GL /D WIN32 /D NDEBUG /D _CONSOLE /D _UNICODE /D UNICODE /Gm- /EHsc /MD /GS /Gy /fp:precise /Zc:wchar_t /Zc:forScope /Fo"Release\\" /Fd"Release\vc110.pdb" /Gd /TP /analyze- /errorReport:prompt Scene.cpp
         Scene.cpp
     1>c:\users\hegel5000\documents\visual studio 2012\projects\starter code glut\starter code glut\glm\gtx\string_cast.inl(26): warning C4996: 'vsprintf': This function or variable may be unsafe. Consider using vsprintf_s instead. To disable deprecation, use _CRT_SECURE_NO_WARNINGS. See online help for details.
                 C:\Program Files (x86)\Microsoft Visual Studio 11.0\VC\include\stdio.h(357) : see declaration of 'vsprintf'
     1>Scene.cpp(435): warning C4018: '<' : signed/unsigned mismatch
     1>Scene.cpp(492): warning C4305: 'argument' : truncation from 'double' to 'const float'
     1>Scene.cpp(497): warning C4018: '<' : signed/unsigned mismatch
     1>Scene.cpp(509): warning C4305: 'argument' : truncation from 'double' to 'const float'
     1>Scene.cpp(551): warning C4018: '<' : signed/unsigned mismatch
       Link:
         C:\Program Files (x86)\Microsoft Visual Studio 11.0\VC\bin\link.exe /ERRORREPORT:PROMPT /OUT:"C:\Users\hegel5000\Documents\Visual Studio 2012\Projects\Starter Code GLUT\Release\Starter Code GLUT.exe" /INCREMENTAL:NO /NOLOGO /LIBPATH:../freeglut/lib kernel32.lib user32.lib gdi32.lib winspool.lib comdlg32.lib advapi32.lib shell32.lib ole32.lib oleaut32.lib uuid.lib odbc32.lib odbccp32.lib /MANIFEST /MANIFESTUAC:"level='asInvoker' uiAccess='false'" /manifest:embed /DEBUG /PDB:"C:\Users\hegel5000\Documents\Visual Studio 2012\Projects\Starter Code GLUT\Release\Starter Code GLUT.pdb" /SUBSYSTEM:CONSOLE /OPT:REF /OPT:ICF /LTCG /TLBID:1 /DYNAMICBASE /NXCOMPAT /IMPLIB:"C:\Users\hegel5000\Documents\Visual Studio 2012\Projects\Starter Code GLUT\Release\Starter Code GLUT.lib" /MACHINE:X86 /SAFESEH Release\EasyBMP.obj
         Release\glew.obj
         Release\Intersection.obj
         Release\Light.obj
         Release\main.obj
         Release\Material.obj
         Release\MathStuff.obj
         Release\Mesh.obj
         Release\MeshGen.obj
         Release\QuadFormu.obj
         Release\Ray.obj
         Release\Scene.obj
         Release\SceneNode.obj
         Release\ShapeGen.obj
         Release\stubs.obj
         Release\tests.obj
         Release\TextFileReader.obj
         Generating code
     1>c:\users\hegel5000\documents\visual studio 2012\projects\starter code glut\starter code glut\meshgen.cpp(253): warning C4715: 'MeshGen::fromFile' : not all control paths return a value
         Finished generating code
         Starter Code GLUT.vcxproj -> C:\Users\hegel5000\Documents\Visual Studio 2012\Projects\Starter Code GLUT\Release\Starter Code GLUT.exe
     1>Done Building Project "C:\Users\hegel5000\Documents\Visual Studio 2012\Projects\Starter Code GLUT\Starter Code GLUT\Starter Code GLUT.vcxproj" (Build target(s)).

Build succeeded.

Time Elapsed 00:00:08.61
