C:\PORTINST\OCULUSSDK\SAMPLES\OCULUSROOMTINY\OBJ\WIN\VS2012\ACTUAL_DEBUG\WIN32\PROGSCHTUT.OBJ
C:\PORTINST\OCULUSSDK\SAMPLES\OCULUSROOMTINY\OBJ\WIN\VS2012\ACTUAL_DEBUG\WIN32\WIN32_OCULUSROOMTINY_UTIL.OBJ
C:\PORTINST\OCULUSSDK\SAMPLES\OCULUSROOMTINY\OBJ\WIN\VS2012\ACTUAL_DEBUG\WIN32\WIN32_GAMEPAD.OBJ
C:\PORTINST\OCULUSSDK\SAMPLES\OCULUSROOMTINY\OBJ\WIN\VS2012\ACTUAL_DEBUG\WIN32\RENDERTINY_D3D11_DEVICE.OBJ
C:\PORTINST\OCULUSSDK\SAMPLES\OCULUSROOMTINY\OBJ\WIN\VS2012\ACTUAL_DEBUG\WIN32\WIN32_OCULUSROOMTINY.OBJ
C:\PORTINST\OCULUSSDK\SAMPLES\OCULUSROOMTINY\OBJ\WIN\VS2012\ACTUAL_DEBUG\WIN32\OCULUSROOMMODEL.OBJ
C:\PORTINST\OCULUSSDK\SAMPLES\OCULUSROOMTINY\OBJ\WIN\VS2012\ACTUAL_DEBUG\WIN32\MARKONEOGL_1.OBJ
C:\PORTINST\OCULUSSDK\SAMPLES\OCULUSROOMTINY\ACTUAL_DEBUG\OCULUSROOKTINY.EXE
C:\PORTINST\OCULUSSDK\SAMPLES\OCULUSROOMTINY\ACTUAL_DEBUG\OCULUSROOKTINY.PDB
C:\portInst\OculusSDK\Samples\OculusRoomTiny\Obj\Win\VS2012\Actual_Debug\Win32\MarkOneOGL_1.obj
C:\portInst\OculusSDK\Samples\OculusRoomTiny\Obj\Win\VS2012\Actual_Debug\Win32\OculusRoomModel.obj
C:\portInst\OculusSDK\Samples\OculusRoomTiny\Obj\Win\VS2012\Actual_Debug\Win32\ProgschTut.obj
C:\portInst\OculusSDK\Samples\OculusRoomTiny\Obj\Win\VS2012\Actual_Debug\Win32\RenderTiny_D3D11_Device.obj
C:\portInst\OculusSDK\Samples\OculusRoomTiny\Obj\Win\VS2012\Actual_Debug\Win32\Win32_Gamepad.obj
C:\portInst\OculusSDK\Samples\OculusRoomTiny\Obj\Win\VS2012\Actual_Debug\Win32\Win32_OculusRoomTiny.obj
C:\portInst\OculusSDK\Samples\OculusRoomTiny\Obj\Win\VS2012\Actual_Debug\Win32\Win32_OculusRoomTiny_Util.obj
C:\portInst\OculusSDK\Samples\OculusRoomTiny\Obj\Win\VS2012\Actual_Debug\Win32\CL.15516.read.1.tlog
C:\portInst\OculusSDK\Samples\OculusRoomTiny\Obj\Win\VS2012\Actual_Debug\Win32\CL.15516.write.1.tlog
C:\portInst\OculusSDK\Samples\OculusRoomTiny\Obj\Win\VS2012\Actual_Debug\Win32\CL.15524.read.1.tlog
C:\portInst\OculusSDK\Samples\OculusRoomTiny\Obj\Win\VS2012\Actual_Debug\Win32\CL.15524.write.1.tlog
C:\portInst\OculusSDK\Samples\OculusRoomTiny\Obj\Win\VS2012\Actual_Debug\Win32\CL.1984.read.1.tlog
C:\portInst\OculusSDK\Samples\OculusRoomTiny\Obj\Win\VS2012\Actual_Debug\Win32\CL.1984.write.1.tlog
C:\portInst\OculusSDK\Samples\OculusRoomTiny\Obj\Win\VS2012\Actual_Debug\Win32\CL.2124.read.1.tlog
C:\portInst\OculusSDK\Samples\OculusRoomTiny\Obj\Win\VS2012\Actual_Debug\Win32\CL.2124.write.1.tlog
C:\portInst\OculusSDK\Samples\OculusRoomTiny\Obj\Win\VS2012\Actual_Debug\Win32\CL.2220.read.1.tlog
C:\portInst\OculusSDK\Samples\OculusRoomTiny\Obj\Win\VS2012\Actual_Debug\Win32\CL.2220.write.1.tlog
C:\portInst\OculusSDK\Samples\OculusRoomTiny\Obj\Win\VS2012\Actual_Debug\Win32\CL.2600.read.1.tlog
C:\portInst\OculusSDK\Samples\OculusRoomTiny\Obj\Win\VS2012\Actual_Debug\Win32\CL.2600.write.1.tlog
C:\portInst\OculusSDK\Samples\OculusRoomTiny\Obj\Win\VS2012\Actual_Debug\Win32\CL.2920.read.1.tlog
C:\portInst\OculusSDK\Samples\OculusRoomTiny\Obj\Win\VS2012\Actual_Debug\Win32\CL.2920.write.1.tlog
C:\portInst\OculusSDK\Samples\OculusRoomTiny\Obj\Win\VS2012\Actual_Debug\Win32\CL.3484.read.1.tlog
C:\portInst\OculusSDK\Samples\OculusRoomTiny\Obj\Win\VS2012\Actual_Debug\Win32\CL.3484.write.1.tlog
C:\portInst\OculusSDK\Samples\OculusRoomTiny\Obj\Win\VS2012\Actual_Debug\Win32\CL.35760.read.1.tlog
C:\portInst\OculusSDK\Samples\OculusRoomTiny\Obj\Win\VS2012\Actual_Debug\Win32\CL.35760.write.1.tlog
C:\portInst\OculusSDK\Samples\OculusRoomTiny\Obj\Win\VS2012\Actual_Debug\Win32\CL.35768.read.1.tlog
C:\portInst\OculusSDK\Samples\OculusRoomTiny\Obj\Win\VS2012\Actual_Debug\Win32\CL.35768.write.1.tlog
C:\portInst\OculusSDK\Samples\OculusRoomTiny\Obj\Win\VS2012\Actual_Debug\Win32\CL.3608.read.1.tlog
C:\portInst\OculusSDK\Samples\OculusRoomTiny\Obj\Win\VS2012\Actual_Debug\Win32\CL.3608.write.1.tlog
C:\portInst\OculusSDK\Samples\OculusRoomTiny\Obj\Win\VS2012\Actual_Debug\Win32\CL.440.read.1.tlog
C:\portInst\OculusSDK\Samples\OculusRoomTiny\Obj\Win\VS2012\Actual_Debug\Win32\CL.440.write.1.tlog
C:\portInst\OculusSDK\Samples\OculusRoomTiny\Obj\Win\VS2012\Actual_Debug\Win32\CL.4428.read.1.tlog
C:\portInst\OculusSDK\Samples\OculusRoomTiny\Obj\Win\VS2012\Actual_Debug\Win32\CL.4428.write.1.tlog
C:\portInst\OculusSDK\Samples\OculusRoomTiny\Obj\Win\VS2012\Actual_Debug\Win32\CL.5308.read.1.tlog
C:\portInst\OculusSDK\Samples\OculusRoomTiny\Obj\Win\VS2012\Actual_Debug\Win32\CL.5308.write.1.tlog
C:\portInst\OculusSDK\Samples\OculusRoomTiny\Obj\Win\VS2012\Actual_Debug\Win32\CL.5996.read.1.tlog
C:\portInst\OculusSDK\Samples\OculusRoomTiny\Obj\Win\VS2012\Actual_Debug\Win32\CL.5996.write.1.tlog
C:\portInst\OculusSDK\Samples\OculusRoomTiny\Obj\Win\VS2012\Actual_Debug\Win32\CL.6096.read.1.tlog
C:\portInst\OculusSDK\Samples\OculusRoomTiny\Obj\Win\VS2012\Actual_Debug\Win32\CL.6096.write.1.tlog
C:\portInst\OculusSDK\Samples\OculusRoomTiny\Obj\Win\VS2012\Actual_Debug\Win32\CL.6120.read.1.tlog
C:\portInst\OculusSDK\Samples\OculusRoomTiny\Obj\Win\VS2012\Actual_Debug\Win32\CL.6120.write.1.tlog
C:\portInst\OculusSDK\Samples\OculusRoomTiny\Obj\Win\VS2012\Actual_Debug\Win32\CL.6148.read.1.tlog
C:\portInst\OculusSDK\Samples\OculusRoomTiny\Obj\Win\VS2012\Actual_Debug\Win32\CL.6148.write.1.tlog
C:\portInst\OculusSDK\Samples\OculusRoomTiny\Obj\Win\VS2012\Actual_Debug\Win32\CL.6456.read.1.tlog
C:\portInst\OculusSDK\Samples\OculusRoomTiny\Obj\Win\VS2012\Actual_Debug\Win32\CL.6456.write.1.tlog
C:\portInst\OculusSDK\Samples\OculusRoomTiny\Obj\Win\VS2012\Actual_Debug\Win32\CL.6580.read.1.tlog
C:\portInst\OculusSDK\Samples\OculusRoomTiny\Obj\Win\VS2012\Actual_Debug\Win32\CL.6580.write.1.tlog
C:\portInst\OculusSDK\Samples\OculusRoomTiny\Obj\Win\VS2012\Actual_Debug\Win32\CL.6620.read.1.tlog
C:\portInst\OculusSDK\Samples\OculusRoomTiny\Obj\Win\VS2012\Actual_Debug\Win32\CL.6620.write.1.tlog
C:\portInst\OculusSDK\Samples\OculusRoomTiny\Obj\Win\VS2012\Actual_Debug\Win32\CL.6884.read.1.tlog
C:\portInst\OculusSDK\Samples\OculusRoomTiny\Obj\Win\VS2012\Actual_Debug\Win32\CL.6884.write.1.tlog
C:\portInst\OculusSDK\Samples\OculusRoomTiny\Obj\Win\VS2012\Actual_Debug\Win32\CL.7148.read.1.tlog
C:\portInst\OculusSDK\Samples\OculusRoomTiny\Obj\Win\VS2012\Actual_Debug\Win32\CL.7148.write.1.tlog
C:\portInst\OculusSDK\Samples\OculusRoomTiny\Obj\Win\VS2012\Actual_Debug\Win32\cl.command.1.tlog
C:\portInst\OculusSDK\Samples\OculusRoomTiny\Obj\Win\VS2012\Actual_Debug\Win32\CL.read.1.tlog
C:\portInst\OculusSDK\Samples\OculusRoomTiny\Obj\Win\VS2012\Actual_Debug\Win32\CL.write.1.tlog
C:\portInst\OculusSDK\Samples\OculusRoomTiny\Obj\Win\VS2012\Actual_Debug\Win32\link-cvtres.read.1.tlog
C:\portInst\OculusSDK\Samples\OculusRoomTiny\Obj\Win\VS2012\Actual_Debug\Win32\link-cvtres.write.1.tlog
C:\portInst\OculusSDK\Samples\OculusRoomTiny\Obj\Win\VS2012\Actual_Debug\Win32\link-rc.read.1.tlog
C:\portInst\OculusSDK\Samples\OculusRoomTiny\Obj\Win\VS2012\Actual_Debug\Win32\link-rc.write.1.tlog
C:\portInst\OculusSDK\Samples\OculusRoomTiny\Obj\Win\VS2012\Actual_Debug\Win32\link.command.1.tlog
C:\portInst\OculusSDK\Samples\OculusRoomTiny\Obj\Win\VS2012\Actual_Debug\Win32\link.read.1.tlog
C:\portInst\OculusSDK\Samples\OculusRoomTiny\Obj\Win\VS2012\Actual_Debug\Win32\link.write.1.tlog
C:\portInst\OculusSDK\Samples\OculusRoomTiny\Projects\Win\VS2012\../../../Actual_Debug/OculusRookTiny.pdb
C:\portInst\OculusSDK\Samples\OculusRoomTiny\Projects\Win\VS2012\../../../Actual_Debug/OculusRookTiny.exe
