C:\PORTINST\OCULUSSDK\LIBOVR\OBJ\WIN32\VS2012\RELEASE\CAPI_HMDRENDERSTATE.OBJ
C:\PORTINST\OCULUSSDK\LIBOVR\OBJ\WIN32\VS2012\RELEASE\CAPI_D3D9_DISTORTIONRENDERER.OBJ
C:\PORTINST\OCULUSSDK\LIBOVR\OBJ\WIN32\VS2012\RELEASE\OVR_WIN32_DISPLAY.OBJ
C:\PORTINST\OCULUSSDK\LIBOVR\OBJ\WIN32\VS2012\RELEASE\OVR_STRING_PATHUTIL.OBJ
C:\PORTINST\OCULUSSDK\LIBOVR\OBJ\WIN32\VS2012\RELEASE\OVR_SOCKET.OBJ
C:\PORTINST\OCULUSSDK\LIBOVR\OBJ\WIN32\VS2012\RELEASE\OVR_STEREO.OBJ
C:\PORTINST\OCULUSSDK\LIBOVR\OBJ\WIN32\VS2012\RELEASE\CAPI_FRAMETIMEMANAGER.OBJ
C:\PORTINST\OCULUSSDK\LIBOVR\OBJ\WIN32\VS2012\RELEASE\CAPI_D3D11_HSWDISPLAY.OBJ
C:\PORTINST\OCULUSSDK\LIBOVR\OBJ\WIN32\VS2012\RELEASE\OVR_WIN32_FOCUSREADER.OBJ
C:\PORTINST\OCULUSSDK\LIBOVR\OBJ\WIN32\VS2012\RELEASE\OVR_LOG.OBJ
C:\PORTINST\OCULUSSDK\LIBOVR\OBJ\WIN32\VS2012\RELEASE\OVR_SYSTEM.OBJ
C:\PORTINST\OCULUSSDK\LIBOVR\OBJ\WIN32\VS2012\RELEASE\OVR_RPC1.OBJ
C:\PORTINST\OCULUSSDK\LIBOVR\OBJ\WIN32\VS2012\RELEASE\TRACKING_SENSORSTATEREADER.OBJ
C:\PORTINST\OCULUSSDK\LIBOVR\OBJ\WIN32\VS2012\RELEASE\CAPI_D3D10_DISTORTIONRENDERER.OBJ
C:\PORTINST\OCULUSSDK\LIBOVR\OBJ\WIN32\VS2012\RELEASE\CAPI_GL_HSWDISPLAY.OBJ
C:\PORTINST\OCULUSSDK\LIBOVR\OBJ\WIN32\VS2012\RELEASE\OVR_CRC32.OBJ
C:\PORTINST\OCULUSSDK\LIBOVR\OBJ\WIN32\VS2012\RELEASE\OVR_FILEFILE.OBJ
C:\PORTINST\OCULUSSDK\LIBOVR\OBJ\WIN32\VS2012\RELEASE\OVR_THREADCOMMANDQUEUE.OBJ
C:\PORTINST\OCULUSSDK\LIBOVR\OBJ\WIN32\VS2012\RELEASE\OVR_WIN32_SOCKET.OBJ
C:\PORTINST\OCULUSSDK\LIBOVR\OBJ\WIN32\VS2012\RELEASE\SERVICE_NETCLIENT.OBJ
C:\PORTINST\OCULUSSDK\LIBOVR\OBJ\WIN32\VS2012\RELEASE\CAPI_D3D10_HSWDISPLAY.OBJ
C:\PORTINST\OCULUSSDK\LIBOVR\OBJ\WIN32\VS2012\RELEASE\CAPI_D3D9_HSWDISPLAY.OBJ
C:\PORTINST\OCULUSSDK\LIBOVR\OBJ\WIN32\VS2012\RELEASE\OVR_WIN32_SHIMFUNCTIONS.OBJ
C:\PORTINST\OCULUSSDK\LIBOVR\OBJ\WIN32\VS2012\RELEASE\OVR_STRING_FORMATUTIL.OBJ
C:\PORTINST\OCULUSSDK\LIBOVR\OBJ\WIN32\VS2012\RELEASE\OVR_NETWORKPLUGIN.OBJ
C:\PORTINST\OCULUSSDK\LIBOVR\OBJ\WIN32\VS2012\RELEASE\OVR_PROFILE.OBJ
C:\PORTINST\OCULUSSDK\LIBOVR\OBJ\WIN32\VS2012\RELEASE\CAPI_DISTORTIONRENDERER.OBJ
C:\PORTINST\OCULUSSDK\LIBOVR\OBJ\WIN32\VS2012\RELEASE\CAPI_GL_UTIL.OBJ
C:\PORTINST\OCULUSSDK\LIBOVR\OBJ\WIN32\VS2012\RELEASE\OVR_FILE.OBJ
C:\PORTINST\OCULUSSDK\LIBOVR\OBJ\WIN32\VS2012\RELEASE\OVR_SHAREDMEMORY.OBJ
C:\PORTINST\OCULUSSDK\LIBOVR\OBJ\WIN32\VS2012\RELEASE\OVR_TIMER.OBJ
C:\PORTINST\OCULUSSDK\LIBOVR\OBJ\WIN32\VS2012\RELEASE\OVR_CAPI.OBJ
C:\PORTINST\OCULUSSDK\LIBOVR\OBJ\WIN32\VS2012\RELEASE\UTIL_IMAGEWINDOW.OBJ
C:\PORTINST\OCULUSSDK\LIBOVR\OBJ\WIN32\VS2012\RELEASE\CAPI_HSWDISPLAY.OBJ
C:\PORTINST\OCULUSSDK\LIBOVR\OBJ\WIN32\VS2012\RELEASE\OVR_WIN32_RENDERSHIM.OBJ
C:\PORTINST\OCULUSSDK\LIBOVR\OBJ\WIN32\VS2012\RELEASE\OVR_STRING.OBJ
C:\PORTINST\OCULUSSDK\LIBOVR\OBJ\WIN32\VS2012\RELEASE\OVR_UTF8UTIL.OBJ
C:\PORTINST\OCULUSSDK\LIBOVR\OBJ\WIN32\VS2012\RELEASE\OVR_BITSTREAM.OBJ
C:\PORTINST\OCULUSSDK\LIBOVR\OBJ\WIN32\VS2012\RELEASE\OVR_JSON.OBJ
C:\PORTINST\OCULUSSDK\LIBOVR\OBJ\WIN32\VS2012\RELEASE\UTIL_RENDER_STEREO.OBJ
C:\PORTINST\OCULUSSDK\LIBOVR\OBJ\WIN32\VS2012\RELEASE\CAPI_HMDSTATE.OBJ
C:\PORTINST\OCULUSSDK\LIBOVR\OBJ\WIN32\VS2012\RELEASE\CAPI_D3D9_UTIL.OBJ
C:\PORTINST\OCULUSSDK\LIBOVR\OBJ\WIN32\VS2012\RELEASE\OVR_ALG.OBJ
C:\PORTINST\OCULUSSDK\LIBOVR\OBJ\WIN32\VS2012\RELEASE\OVR_ATOMIC.OBJ
C:\PORTINST\OCULUSSDK\LIBOVR\OBJ\WIN32\VS2012\RELEASE\OVR_MATH.OBJ
C:\PORTINST\OCULUSSDK\LIBOVR\OBJ\WIN32\VS2012\RELEASE\OVR_STD.OBJ
C:\PORTINST\OCULUSSDK\LIBOVR\OBJ\WIN32\VS2012\RELEASE\OVR_SYSFILE.OBJ
C:\PORTINST\OCULUSSDK\LIBOVR\OBJ\WIN32\VS2012\RELEASE\OVR_PACKETIZEDTCPSOCKET.OBJ
C:\PORTINST\OCULUSSDK\LIBOVR\OBJ\WIN32\VS2012\RELEASE\OVR_SERIALFORMAT.OBJ
C:\PORTINST\OCULUSSDK\LIBOVR\OBJ\WIN32\VS2012\RELEASE\UTIL_INTERFACE.OBJ
C:\PORTINST\OCULUSSDK\LIBOVR\OBJ\WIN32\VS2012\RELEASE\UTIL_LATENCYTEST2READER.OBJ
C:\PORTINST\OCULUSSDK\LIBOVR\OBJ\WIN32\VS2012\RELEASE\CAPI_D3D11_DISTORTIONRENDERER.OBJ
C:\PORTINST\OCULUSSDK\LIBOVR\OBJ\WIN32\VS2012\RELEASE\CAPI_GL_DISTORTIONRENDERER.OBJ
C:\PORTINST\OCULUSSDK\LIBOVR\OBJ\WIN32\VS2012\RELEASE\OVR_ALLOCATOR.OBJ
C:\PORTINST\OCULUSSDK\LIBOVR\OBJ\WIN32\VS2012\RELEASE\OVR_LOCKLESS.OBJ
C:\PORTINST\OCULUSSDK\LIBOVR\OBJ\WIN32\VS2012\RELEASE\OVR_REFCOUNT.OBJ
C:\PORTINST\OCULUSSDK\LIBOVR\OBJ\WIN32\VS2012\RELEASE\OVR_THREADSWINAPI.OBJ
C:\PORTINST\OCULUSSDK\LIBOVR\OBJ\WIN32\VS2012\RELEASE\OVR_SESSION.OBJ
C:\PORTINST\OCULUSSDK\LIBOVR\OBJ\WIN32\VS2012\RELEASE\SERVICE_NETSESSIONCOMMON.OBJ
C:\PORTINST\OCULUSSDK\LIBOVR\SRC\CAPI\SHADERS\DISTORTIONCHROMA_PS.H
C:\PORTINST\OCULUSSDK\LIBOVR\SRC\CAPI\SHADERS\DISTORTIONCHROMA_VS.H
C:\PORTINST\OCULUSSDK\LIBOVR\SRC\CAPI\SHADERS\DISTORTIONTIMEWARPCHROMA_VS.H
C:\PORTINST\OCULUSSDK\LIBOVR\SRC\CAPI\SHADERS\DISTORTIONTIMEWARP_VS.H
C:\PORTINST\OCULUSSDK\LIBOVR\SRC\CAPI\SHADERS\DISTORTION_PS.H
C:\PORTINST\OCULUSSDK\LIBOVR\SRC\CAPI\SHADERS\DISTORTION_VS.H
C:\PORTINST\OCULUSSDK\LIBOVR\SRC\CAPI\SHADERS\SIMPLEQUAD_PS.H
C:\PORTINST\OCULUSSDK\LIBOVR\SRC\CAPI\SHADERS\SIMPLEQUAD_VS.H
C:\PORTINST\OCULUSSDK\LIBOVR\SRC\CAPI\SHADERS\SIMPLETEXTUREDQUAD_PS.H
C:\PORTINST\OCULUSSDK\LIBOVR\SRC\CAPI\SHADERS\SIMPLETEXTUREDQUAD_VS.H
C:\PORTINST\OCULUSSDK\LIBOVR\LIB\WIN32\VS2012\LIBOVR.LIB
C:\portInst\OculusSDK\LibOVR\Obj\Win32\VS2012\Release\CAPI_D3D10_DistortionRenderer.obj
C:\portInst\OculusSDK\LibOVR\Obj\Win32\VS2012\Release\CAPI_D3D10_HSWDisplay.obj
C:\portInst\OculusSDK\LibOVR\Obj\Win32\VS2012\Release\CAPI_D3D11_DistortionRenderer.obj
C:\portInst\OculusSDK\LibOVR\Obj\Win32\VS2012\Release\CAPI_D3D11_HSWDisplay.obj
C:\portInst\OculusSDK\LibOVR\Obj\Win32\VS2012\Release\CAPI_D3D9_DistortionRenderer.obj
C:\portInst\OculusSDK\LibOVR\Obj\Win32\VS2012\Release\CAPI_D3D9_HSWDisplay.obj
C:\portInst\OculusSDK\LibOVR\Obj\Win32\VS2012\Release\CAPI_D3D9_Util.obj
C:\portInst\OculusSDK\LibOVR\Obj\Win32\VS2012\Release\CAPI_DistortionRenderer.obj
C:\portInst\OculusSDK\LibOVR\Obj\Win32\VS2012\Release\CAPI_FrameTimeManager.obj
C:\portInst\OculusSDK\LibOVR\Obj\Win32\VS2012\Release\CAPI_GL_DistortionRenderer.obj
C:\portInst\OculusSDK\LibOVR\Obj\Win32\VS2012\Release\CAPI_GL_HSWDisplay.obj
C:\portInst\OculusSDK\LibOVR\Obj\Win32\VS2012\Release\CAPI_GL_Util.obj
C:\portInst\OculusSDK\LibOVR\Obj\Win32\VS2012\Release\CAPI_HMDRenderState.obj
C:\portInst\OculusSDK\LibOVR\Obj\Win32\VS2012\Release\CAPI_HMDState.obj
C:\portInst\OculusSDK\LibOVR\Obj\Win32\VS2012\Release\CAPI_HSWDisplay.obj
C:\portInst\OculusSDK\LibOVR\Obj\Win32\VS2012\Release\OVR_Alg.obj
C:\portInst\OculusSDK\LibOVR\Obj\Win32\VS2012\Release\OVR_Allocator.obj
C:\portInst\OculusSDK\LibOVR\Obj\Win32\VS2012\Release\OVR_Atomic.obj
C:\portInst\OculusSDK\LibOVR\Obj\Win32\VS2012\Release\OVR_BitStream.obj
C:\portInst\OculusSDK\LibOVR\Obj\Win32\VS2012\Release\OVR_CAPI.obj
C:\portInst\OculusSDK\LibOVR\Obj\Win32\VS2012\Release\OVR_CRC32.obj
C:\portInst\OculusSDK\LibOVR\Obj\Win32\VS2012\Release\OVR_File.obj
C:\portInst\OculusSDK\LibOVR\Obj\Win32\VS2012\Release\OVR_FileFILE.obj
C:\portInst\OculusSDK\LibOVR\Obj\Win32\VS2012\Release\OVR_JSON.obj
C:\portInst\OculusSDK\LibOVR\Obj\Win32\VS2012\Release\OVR_Lockless.obj
C:\portInst\OculusSDK\LibOVR\Obj\Win32\VS2012\Release\OVR_Log.obj
C:\portInst\OculusSDK\LibOVR\Obj\Win32\VS2012\Release\OVR_Math.obj
C:\portInst\OculusSDK\LibOVR\Obj\Win32\VS2012\Release\OVR_NetworkPlugin.obj
C:\portInst\OculusSDK\LibOVR\Obj\Win32\VS2012\Release\OVR_PacketizedTCPSocket.obj
C:\portInst\OculusSDK\LibOVR\Obj\Win32\VS2012\Release\OVR_Profile.obj
C:\portInst\OculusSDK\LibOVR\Obj\Win32\VS2012\Release\OVR_RefCount.obj
C:\portInst\OculusSDK\LibOVR\Obj\Win32\VS2012\Release\OVR_RPC1.obj
C:\portInst\OculusSDK\LibOVR\Obj\Win32\VS2012\Release\OVR_SerialFormat.obj
C:\portInst\OculusSDK\LibOVR\Obj\Win32\VS2012\Release\OVR_Session.obj
C:\portInst\OculusSDK\LibOVR\Obj\Win32\VS2012\Release\OVR_SharedMemory.obj
C:\portInst\OculusSDK\LibOVR\Obj\Win32\VS2012\Release\OVR_Socket.obj
C:\portInst\OculusSDK\LibOVR\Obj\Win32\VS2012\Release\OVR_Std.obj
C:\portInst\OculusSDK\LibOVR\Obj\Win32\VS2012\Release\OVR_Stereo.obj
C:\portInst\OculusSDK\LibOVR\Obj\Win32\VS2012\Release\OVR_String.obj
C:\portInst\OculusSDK\LibOVR\Obj\Win32\VS2012\Release\OVR_String_FormatUtil.obj
C:\portInst\OculusSDK\LibOVR\Obj\Win32\VS2012\Release\OVR_String_PathUtil.obj
C:\portInst\OculusSDK\LibOVR\Obj\Win32\VS2012\Release\OVR_SysFile.obj
C:\portInst\OculusSDK\LibOVR\Obj\Win32\VS2012\Release\OVR_System.obj
C:\portInst\OculusSDK\LibOVR\Obj\Win32\VS2012\Release\OVR_ThreadCommandQueue.obj
C:\portInst\OculusSDK\LibOVR\Obj\Win32\VS2012\Release\OVR_ThreadsWinAPI.obj
C:\portInst\OculusSDK\LibOVR\Obj\Win32\VS2012\Release\OVR_Timer.obj
C:\portInst\OculusSDK\LibOVR\Obj\Win32\VS2012\Release\OVR_UTF8Util.obj
C:\portInst\OculusSDK\LibOVR\Obj\Win32\VS2012\Release\OVR_Win32_Display.obj
C:\portInst\OculusSDK\LibOVR\Obj\Win32\VS2012\Release\OVR_Win32_FocusReader.obj
C:\portInst\OculusSDK\LibOVR\Obj\Win32\VS2012\Release\OVR_Win32_RenderShim.obj
C:\portInst\OculusSDK\LibOVR\Obj\Win32\VS2012\Release\OVR_Win32_ShimFunctions.obj
C:\portInst\OculusSDK\LibOVR\Obj\Win32\VS2012\Release\OVR_Win32_Socket.obj
C:\portInst\OculusSDK\LibOVR\Obj\Win32\VS2012\Release\Service_NetClient.obj
C:\portInst\OculusSDK\LibOVR\Obj\Win32\VS2012\Release\Service_NetSessionCommon.obj
C:\portInst\OculusSDK\LibOVR\Obj\Win32\VS2012\Release\Tracking_SensorStateReader.obj
C:\portInst\OculusSDK\LibOVR\Obj\Win32\VS2012\Release\Util_ImageWindow.obj
C:\portInst\OculusSDK\LibOVR\Obj\Win32\VS2012\Release\Util_Interface.obj
C:\portInst\OculusSDK\LibOVR\Obj\Win32\VS2012\Release\Util_LatencyTest2Reader.obj
C:\portInst\OculusSDK\LibOVR\Obj\Win32\VS2012\Release\Util_Render_Stereo.obj
C:\portInst\OculusSDK\LibOVR\Obj\Win32\VS2012\Release\CL.2572.read.1.tlog
C:\portInst\OculusSDK\LibOVR\Obj\Win32\VS2012\Release\CL.2572.write.1.tlog
C:\portInst\OculusSDK\LibOVR\Obj\Win32\VS2012\Release\CL.3120.read.1.tlog
C:\portInst\OculusSDK\LibOVR\Obj\Win32\VS2012\Release\CL.3120.write.1.tlog
C:\portInst\OculusSDK\LibOVR\Obj\Win32\VS2012\Release\CL.3364.read.1.tlog
C:\portInst\OculusSDK\LibOVR\Obj\Win32\VS2012\Release\CL.3364.write.1.tlog
C:\portInst\OculusSDK\LibOVR\Obj\Win32\VS2012\Release\CL.4608.read.1.tlog
C:\portInst\OculusSDK\LibOVR\Obj\Win32\VS2012\Release\CL.4608.write.1.tlog
C:\portInst\OculusSDK\LibOVR\Obj\Win32\VS2012\Release\CL.5144.read.1.tlog
C:\portInst\OculusSDK\LibOVR\Obj\Win32\VS2012\Release\CL.5144.write.1.tlog
C:\portInst\OculusSDK\LibOVR\Obj\Win32\VS2012\Release\CL.5800.read.1.tlog
C:\portInst\OculusSDK\LibOVR\Obj\Win32\VS2012\Release\CL.5800.write.1.tlog
C:\portInst\OculusSDK\LibOVR\Obj\Win32\VS2012\Release\CL.6576.read.1.tlog
C:\portInst\OculusSDK\LibOVR\Obj\Win32\VS2012\Release\CL.6576.write.1.tlog
C:\portInst\OculusSDK\LibOVR\Obj\Win32\VS2012\Release\CL.6952.read.1.tlog
C:\portInst\OculusSDK\LibOVR\Obj\Win32\VS2012\Release\CL.6952.write.1.tlog
C:\portInst\OculusSDK\LibOVR\Obj\Win32\VS2012\Release\cl.command.1.tlog
C:\portInst\OculusSDK\LibOVR\Obj\Win32\VS2012\Release\CL.read.1.tlog
C:\portInst\OculusSDK\LibOVR\Obj\Win32\VS2012\Release\CL.write.1.tlog
C:\portInst\OculusSDK\LibOVR\Obj\Win32\VS2012\Release\custombuild.command.1.tlog
C:\portInst\OculusSDK\LibOVR\Obj\Win32\VS2012\Release\custombuild.read.1.tlog
C:\portInst\OculusSDK\LibOVR\Obj\Win32\VS2012\Release\custombuild.write.1.tlog
C:\portInst\OculusSDK\LibOVR\Obj\Win32\VS2012\Release\Lib-link.read.1.tlog
C:\portInst\OculusSDK\LibOVR\Obj\Win32\VS2012\Release\Lib-link.write.1.tlog
C:\portInst\OculusSDK\LibOVR\Obj\Win32\VS2012\Release\lib.command.1.tlog
C:\portInst\OculusSDK\LibOVR\Projects\Win32\VS2012\../../../Lib/Win32/VS2012/libovr.lib
