C:\PORTINST\OCULUSSDK\SAMPLES\OCULUSROOMTINY\OBJ\WIN\VS2012\RELEASE\WIN32\WIN32_OCULUSROOMTINY_UTIL.OBJ
C:\PORTINST\OCULUSSDK\SAMPLES\OCULUSROOMTINY\OBJ\WIN\VS2012\RELEASE\WIN32\OCULUSROOMMODEL.OBJ
C:\PORTINST\OCULUSSDK\SAMPLES\OCULUSROOMTINY\OBJ\WIN\VS2012\RELEASE\WIN32\RENDERTINY_D3D11_DEVICE.OBJ
C:\PORTINST\OCULUSSDK\SAMPLES\OCULUSROOMTINY\OBJ\WIN\VS2012\RELEASE\WIN32\WIN32_OCULUSROOMTINY.OBJ
C:\PORTINST\OCULUSSDK\SAMPLES\OCULUSROOMTINY\OBJ\WIN\VS2012\RELEASE\WIN32\WIN32_GAMEPAD.OBJ
C:\PORTINST\OCULUSSDK\SAMPLES\OCULUSROOMTINY\OBJ\WIN\VS2012\RELEASE\WIN32\GLEWTUT.OBJ
C:\PORTINST\OCULUSSDK\SAMPLES\OCULUSROOMTINY\OBJ\WIN\VS2012\RELEASE\WIN32\PROGSCHTUT.OBJ
C:\PORTINST\OCULUSSDK\SAMPLES\OCULUSROOMTINY\RELEASE\OCULUSROOKTINY.EXE
C:\portInst\OculusSDK\Samples\OculusRoomTiny\Obj\Win\VS2012\Release\Win32\GLEWTut.obj
C:\portInst\OculusSDK\Samples\OculusRoomTiny\Obj\Win\VS2012\Release\Win32\OculusRoomModel.obj
C:\portInst\OculusSDK\Samples\OculusRoomTiny\Obj\Win\VS2012\Release\Win32\ProgschTut.obj
C:\portInst\OculusSDK\Samples\OculusRoomTiny\Obj\Win\VS2012\Release\Win32\RenderTiny_D3D11_Device.obj
C:\portInst\OculusSDK\Samples\OculusRoomTiny\Obj\Win\VS2012\Release\Win32\Win32_Gamepad.obj
C:\portInst\OculusSDK\Samples\OculusRoomTiny\Obj\Win\VS2012\Release\Win32\Win32_OculusRoomTiny.obj
C:\portInst\OculusSDK\Samples\OculusRoomTiny\Obj\Win\VS2012\Release\Win32\Win32_OculusRoomTiny_Util.obj
C:\portInst\OculusSDK\Samples\OculusRoomTiny\Obj\Win\VS2012\Release\Win32\CL.1044.read.1.tlog
C:\portInst\OculusSDK\Samples\OculusRoomTiny\Obj\Win\VS2012\Release\Win32\CL.1044.write.1.tlog
C:\portInst\OculusSDK\Samples\OculusRoomTiny\Obj\Win\VS2012\Release\Win32\CL.1464.read.1.tlog
C:\portInst\OculusSDK\Samples\OculusRoomTiny\Obj\Win\VS2012\Release\Win32\CL.1464.write.1.tlog
C:\portInst\OculusSDK\Samples\OculusRoomTiny\Obj\Win\VS2012\Release\Win32\CL.1772.read.1.tlog
C:\portInst\OculusSDK\Samples\OculusRoomTiny\Obj\Win\VS2012\Release\Win32\CL.1772.write.1.tlog
C:\portInst\OculusSDK\Samples\OculusRoomTiny\Obj\Win\VS2012\Release\Win32\CL.2380.read.1.tlog
C:\portInst\OculusSDK\Samples\OculusRoomTiny\Obj\Win\VS2012\Release\Win32\CL.2380.write.1.tlog
C:\portInst\OculusSDK\Samples\OculusRoomTiny\Obj\Win\VS2012\Release\Win32\CL.2580.read.1.tlog
C:\portInst\OculusSDK\Samples\OculusRoomTiny\Obj\Win\VS2012\Release\Win32\CL.2580.write.1.tlog
C:\portInst\OculusSDK\Samples\OculusRoomTiny\Obj\Win\VS2012\Release\Win32\CL.3892.read.1.tlog
C:\portInst\OculusSDK\Samples\OculusRoomTiny\Obj\Win\VS2012\Release\Win32\CL.3892.write.1.tlog
C:\portInst\OculusSDK\Samples\OculusRoomTiny\Obj\Win\VS2012\Release\Win32\CL.4720.read.1.tlog
C:\portInst\OculusSDK\Samples\OculusRoomTiny\Obj\Win\VS2012\Release\Win32\CL.4720.write.1.tlog
C:\portInst\OculusSDK\Samples\OculusRoomTiny\Obj\Win\VS2012\Release\Win32\CL.4732.read.1.tlog
C:\portInst\OculusSDK\Samples\OculusRoomTiny\Obj\Win\VS2012\Release\Win32\CL.4732.write.1.tlog
C:\portInst\OculusSDK\Samples\OculusRoomTiny\Obj\Win\VS2012\Release\Win32\CL.4860.read.1.tlog
C:\portInst\OculusSDK\Samples\OculusRoomTiny\Obj\Win\VS2012\Release\Win32\CL.4860.write.1.tlog
C:\portInst\OculusSDK\Samples\OculusRoomTiny\Obj\Win\VS2012\Release\Win32\CL.5308.read.1.tlog
C:\portInst\OculusSDK\Samples\OculusRoomTiny\Obj\Win\VS2012\Release\Win32\CL.5308.write.1.tlog
C:\portInst\OculusSDK\Samples\OculusRoomTiny\Obj\Win\VS2012\Release\Win32\CL.5580.read.1.tlog
C:\portInst\OculusSDK\Samples\OculusRoomTiny\Obj\Win\VS2012\Release\Win32\CL.5580.write.1.tlog
C:\portInst\OculusSDK\Samples\OculusRoomTiny\Obj\Win\VS2012\Release\Win32\CL.6000.read.1.tlog
C:\portInst\OculusSDK\Samples\OculusRoomTiny\Obj\Win\VS2012\Release\Win32\CL.6000.write.1.tlog
C:\portInst\OculusSDK\Samples\OculusRoomTiny\Obj\Win\VS2012\Release\Win32\CL.6188.read.1.tlog
C:\portInst\OculusSDK\Samples\OculusRoomTiny\Obj\Win\VS2012\Release\Win32\CL.6188.write.1.tlog
C:\portInst\OculusSDK\Samples\OculusRoomTiny\Obj\Win\VS2012\Release\Win32\CL.6196.read.1.tlog
C:\portInst\OculusSDK\Samples\OculusRoomTiny\Obj\Win\VS2012\Release\Win32\CL.6196.write.1.tlog
C:\portInst\OculusSDK\Samples\OculusRoomTiny\Obj\Win\VS2012\Release\Win32\CL.6316.read.1.tlog
C:\portInst\OculusSDK\Samples\OculusRoomTiny\Obj\Win\VS2012\Release\Win32\CL.6316.write.1.tlog
C:\portInst\OculusSDK\Samples\OculusRoomTiny\Obj\Win\VS2012\Release\Win32\CL.6528.read.1.tlog
C:\portInst\OculusSDK\Samples\OculusRoomTiny\Obj\Win\VS2012\Release\Win32\CL.6528.write.1.tlog
C:\portInst\OculusSDK\Samples\OculusRoomTiny\Obj\Win\VS2012\Release\Win32\CL.6828.read.1.tlog
C:\portInst\OculusSDK\Samples\OculusRoomTiny\Obj\Win\VS2012\Release\Win32\CL.6828.write.1.tlog
C:\portInst\OculusSDK\Samples\OculusRoomTiny\Obj\Win\VS2012\Release\Win32\CL.6860.read.1.tlog
C:\portInst\OculusSDK\Samples\OculusRoomTiny\Obj\Win\VS2012\Release\Win32\CL.6860.write.1.tlog
C:\portInst\OculusSDK\Samples\OculusRoomTiny\Obj\Win\VS2012\Release\Win32\CL.6864.read.1.tlog
C:\portInst\OculusSDK\Samples\OculusRoomTiny\Obj\Win\VS2012\Release\Win32\CL.6864.write.1.tlog
C:\portInst\OculusSDK\Samples\OculusRoomTiny\Obj\Win\VS2012\Release\Win32\CL.6968.read.1.tlog
C:\portInst\OculusSDK\Samples\OculusRoomTiny\Obj\Win\VS2012\Release\Win32\CL.6968.write.1.tlog
C:\portInst\OculusSDK\Samples\OculusRoomTiny\Obj\Win\VS2012\Release\Win32\CL.7792.read.1.tlog
C:\portInst\OculusSDK\Samples\OculusRoomTiny\Obj\Win\VS2012\Release\Win32\CL.7792.write.1.tlog
C:\portInst\OculusSDK\Samples\OculusRoomTiny\Obj\Win\VS2012\Release\Win32\cl.command.1.tlog
C:\portInst\OculusSDK\Samples\OculusRoomTiny\Obj\Win\VS2012\Release\Win32\CL.read.1.tlog
C:\portInst\OculusSDK\Samples\OculusRoomTiny\Obj\Win\VS2012\Release\Win32\CL.write.1.tlog
C:\portInst\OculusSDK\Samples\OculusRoomTiny\Obj\Win\VS2012\Release\Win32\link-cvtres.read.1.tlog
C:\portInst\OculusSDK\Samples\OculusRoomTiny\Obj\Win\VS2012\Release\Win32\link-cvtres.write.1.tlog
C:\portInst\OculusSDK\Samples\OculusRoomTiny\Obj\Win\VS2012\Release\Win32\link-rc.read.1.tlog
C:\portInst\OculusSDK\Samples\OculusRoomTiny\Obj\Win\VS2012\Release\Win32\link-rc.write.1.tlog
C:\portInst\OculusSDK\Samples\OculusRoomTiny\Obj\Win\VS2012\Release\Win32\link.command.1.tlog
C:\portInst\OculusSDK\Samples\OculusRoomTiny\Obj\Win\VS2012\Release\Win32\link.read.1.tlog
C:\portInst\OculusSDK\Samples\OculusRoomTiny\Obj\Win\VS2012\Release\Win32\link.write.1.tlog
C:\portInst\OculusSDK\Samples\OculusRoomTiny\Projects\Win\VS2012\../../../Release/OculusRookTiny.exe
