C:\PORTINST\OCULUSSDK\SAMPLES\OCULUSWORLDDEMO\OBJ\WIN\VS2012\ACTUAL_DEBUG\WIN32\WIN32_PLATFORM.OBJ
C:\PORTINST\OCULUSSDK\SAMPLES\OCULUSWORLDDEMO\OBJ\WIN\VS2012\ACTUAL_DEBUG\WIN32\PLAYER.OBJ
C:\PORTINST\OCULUSSDK\SAMPLES\OCULUSWORLDDEMO\OBJ\WIN\VS2012\ACTUAL_DEBUG\WIN32\RENDER_DEVICE.OBJ
C:\PORTINST\OCULUSSDK\SAMPLES\OCULUSWORLDDEMO\OBJ\WIN\VS2012\ACTUAL_DEBUG\WIN32\TINYXML2.OBJ
C:\PORTINST\OCULUSSDK\SAMPLES\OCULUSWORLDDEMO\OBJ\WIN\VS2012\ACTUAL_DEBUG\WIN32\OCULUSWORLDDEMO_SCENE.OBJ
C:\PORTINST\OCULUSSDK\SAMPLES\OCULUSWORLDDEMO\OBJ\WIN\VS2012\ACTUAL_DEBUG\WIN32\RENDER_LOADTEXTUREDDS.OBJ
C:\PORTINST\OCULUSSDK\SAMPLES\OCULUSWORLDDEMO\OBJ\WIN\VS2012\ACTUAL_DEBUG\WIN32\RENDER_D3D11_DEVICE.OBJ
C:\PORTINST\OCULUSSDK\SAMPLES\OCULUSWORLDDEMO\OBJ\WIN\VS2012\ACTUAL_DEBUG\WIN32\PLATFORM.OBJ
C:\PORTINST\OCULUSSDK\SAMPLES\OCULUSWORLDDEMO\OBJ\WIN\VS2012\ACTUAL_DEBUG\WIN32\RENDERPROFILER.OBJ
C:\PORTINST\OCULUSSDK\SAMPLES\OCULUSWORLDDEMO\OBJ\WIN\VS2012\ACTUAL_DEBUG\WIN32\WIN32_GAMEPAD.OBJ
C:\PORTINST\OCULUSSDK\SAMPLES\OCULUSWORLDDEMO\OBJ\WIN\VS2012\ACTUAL_DEBUG\WIN32\RENDER_D3D10_DEVICE.OBJ
C:\PORTINST\OCULUSSDK\SAMPLES\OCULUSWORLDDEMO\OBJ\WIN\VS2012\ACTUAL_DEBUG\WIN32\RENDER_GL_DEVICE.OBJ
C:\PORTINST\OCULUSSDK\SAMPLES\OCULUSWORLDDEMO\OBJ\WIN\VS2012\ACTUAL_DEBUG\WIN32\OPTIONMENU.OBJ
C:\PORTINST\OCULUSSDK\SAMPLES\OCULUSWORLDDEMO\OBJ\WIN\VS2012\ACTUAL_DEBUG\WIN32\RENDER_LOADTEXTURETGA.OBJ
C:\PORTINST\OCULUSSDK\SAMPLES\OCULUSWORLDDEMO\OBJ\WIN\VS2012\ACTUAL_DEBUG\WIN32\RENDER_XMLSCENELOADER.OBJ
C:\PORTINST\OCULUSSDK\SAMPLES\OCULUSWORLDDEMO\OBJ\WIN\VS2012\ACTUAL_DEBUG\WIN32\RENDER_GL_WIN32_DEVICE.OBJ
C:\PORTINST\OCULUSSDK\SAMPLES\OCULUSWORLDDEMO\OBJ\WIN\VS2012\ACTUAL_DEBUG\WIN32\OCULUSWORLDDEMO.OBJ
C:\PORTINST\OCULUSSDK\SAMPLES\OCULUSWORLDDEMO\BIN\WIN\VS2012\ACTUAL_DEBUG\WIN32\OCULUSWORLDDEMO.EXE
C:\PORTINST\OCULUSSDK\SAMPLES\OCULUSWORLDDEMO\OBJ\WIN\VS2012\ACTUAL_DEBUG\WIN32\OCULUSWORLDDEMO.RES
C:\portInst\OculusSDK\Samples\OculusWorldDemo\Obj\Win\VS2012\Actual_Debug\Win32\OculusWorldDemo.obj
C:\portInst\OculusSDK\Samples\OculusWorldDemo\Obj\Win\VS2012\Actual_Debug\Win32\OculusWorldDemo_Scene.obj
C:\portInst\OculusSDK\Samples\OculusWorldDemo\Obj\Win\VS2012\Actual_Debug\Win32\OptionMenu.obj
C:\portInst\OculusSDK\Samples\OculusWorldDemo\Obj\Win\VS2012\Actual_Debug\Win32\Platform.obj
C:\portInst\OculusSDK\Samples\OculusWorldDemo\Obj\Win\VS2012\Actual_Debug\Win32\Player.obj
C:\portInst\OculusSDK\Samples\OculusWorldDemo\Obj\Win\VS2012\Actual_Debug\Win32\RenderProfiler.obj
C:\portInst\OculusSDK\Samples\OculusWorldDemo\Obj\Win\VS2012\Actual_Debug\Win32\Render_D3D10_Device.obj
C:\portInst\OculusSDK\Samples\OculusWorldDemo\Obj\Win\VS2012\Actual_Debug\Win32\Render_D3D11_Device.obj
C:\portInst\OculusSDK\Samples\OculusWorldDemo\Obj\Win\VS2012\Actual_Debug\Win32\Render_Device.obj
C:\portInst\OculusSDK\Samples\OculusWorldDemo\Obj\Win\VS2012\Actual_Debug\Win32\Render_GL_Device.obj
C:\portInst\OculusSDK\Samples\OculusWorldDemo\Obj\Win\VS2012\Actual_Debug\Win32\Render_GL_Win32_Device.obj
C:\portInst\OculusSDK\Samples\OculusWorldDemo\Obj\Win\VS2012\Actual_Debug\Win32\Render_LoadTextureDDS.obj
C:\portInst\OculusSDK\Samples\OculusWorldDemo\Obj\Win\VS2012\Actual_Debug\Win32\Render_LoadTextureTGA.obj
C:\portInst\OculusSDK\Samples\OculusWorldDemo\Obj\Win\VS2012\Actual_Debug\Win32\Render_XmlSceneLoader.obj
C:\portInst\OculusSDK\Samples\OculusWorldDemo\Obj\Win\VS2012\Actual_Debug\Win32\tinyxml2.obj
C:\portInst\OculusSDK\Samples\OculusWorldDemo\Obj\Win\VS2012\Actual_Debug\Win32\Win32_Gamepad.obj
C:\portInst\OculusSDK\Samples\OculusWorldDemo\Obj\Win\VS2012\Actual_Debug\Win32\Win32_Platform.obj
C:\portInst\OculusSDK\Samples\OculusWorldDemo\Obj\Win\VS2012\Actual_Debug\Win32\CL.1948.read.1.tlog
C:\portInst\OculusSDK\Samples\OculusWorldDemo\Obj\Win\VS2012\Actual_Debug\Win32\CL.1948.write.1.tlog
C:\portInst\OculusSDK\Samples\OculusWorldDemo\Obj\Win\VS2012\Actual_Debug\Win32\CL.2284.read.1.tlog
C:\portInst\OculusSDK\Samples\OculusWorldDemo\Obj\Win\VS2012\Actual_Debug\Win32\CL.2284.write.1.tlog
C:\portInst\OculusSDK\Samples\OculusWorldDemo\Obj\Win\VS2012\Actual_Debug\Win32\CL.2664.read.1.tlog
C:\portInst\OculusSDK\Samples\OculusWorldDemo\Obj\Win\VS2012\Actual_Debug\Win32\CL.2664.write.1.tlog
C:\portInst\OculusSDK\Samples\OculusWorldDemo\Obj\Win\VS2012\Actual_Debug\Win32\CL.4160.read.1.tlog
C:\portInst\OculusSDK\Samples\OculusWorldDemo\Obj\Win\VS2012\Actual_Debug\Win32\CL.4160.write.1.tlog
C:\portInst\OculusSDK\Samples\OculusWorldDemo\Obj\Win\VS2012\Actual_Debug\Win32\CL.6468.read.1.tlog
C:\portInst\OculusSDK\Samples\OculusWorldDemo\Obj\Win\VS2012\Actual_Debug\Win32\CL.6468.write.1.tlog
C:\portInst\OculusSDK\Samples\OculusWorldDemo\Obj\Win\VS2012\Actual_Debug\Win32\CL.6584.read.1.tlog
C:\portInst\OculusSDK\Samples\OculusWorldDemo\Obj\Win\VS2012\Actual_Debug\Win32\CL.6584.write.1.tlog
C:\portInst\OculusSDK\Samples\OculusWorldDemo\Obj\Win\VS2012\Actual_Debug\Win32\CL.6792.read.1.tlog
C:\portInst\OculusSDK\Samples\OculusWorldDemo\Obj\Win\VS2012\Actual_Debug\Win32\CL.6792.write.1.tlog
C:\portInst\OculusSDK\Samples\OculusWorldDemo\Obj\Win\VS2012\Actual_Debug\Win32\CL.6832.read.1.tlog
C:\portInst\OculusSDK\Samples\OculusWorldDemo\Obj\Win\VS2012\Actual_Debug\Win32\CL.6832.write.1.tlog
C:\portInst\OculusSDK\Samples\OculusWorldDemo\Obj\Win\VS2012\Actual_Debug\Win32\cl.command.1.tlog
C:\portInst\OculusSDK\Samples\OculusWorldDemo\Obj\Win\VS2012\Actual_Debug\Win32\CL.read.1.tlog
C:\portInst\OculusSDK\Samples\OculusWorldDemo\Obj\Win\VS2012\Actual_Debug\Win32\CL.write.1.tlog
C:\portInst\OculusSDK\Samples\OculusWorldDemo\Obj\Win\VS2012\Actual_Debug\Win32\link-cvtres.read.1.tlog
C:\portInst\OculusSDK\Samples\OculusWorldDemo\Obj\Win\VS2012\Actual_Debug\Win32\link-cvtres.write.1.tlog
C:\portInst\OculusSDK\Samples\OculusWorldDemo\Obj\Win\VS2012\Actual_Debug\Win32\link-rc.read.1.tlog
C:\portInst\OculusSDK\Samples\OculusWorldDemo\Obj\Win\VS2012\Actual_Debug\Win32\link-rc.write.1.tlog
C:\portInst\OculusSDK\Samples\OculusWorldDemo\Obj\Win\VS2012\Actual_Debug\Win32\link.command.1.tlog
C:\portInst\OculusSDK\Samples\OculusWorldDemo\Obj\Win\VS2012\Actual_Debug\Win32\link.read.1.tlog
C:\portInst\OculusSDK\Samples\OculusWorldDemo\Obj\Win\VS2012\Actual_Debug\Win32\link.write.1.tlog
C:\portInst\OculusSDK\Samples\OculusWorldDemo\Obj\Win\VS2012\Actual_Debug\Win32\rc.command.1.tlog
C:\portInst\OculusSDK\Samples\OculusWorldDemo\Obj\Win\VS2012\Actual_Debug\Win32\rc.read.1.tlog
C:\portInst\OculusSDK\Samples\OculusWorldDemo\Obj\Win\VS2012\Actual_Debug\Win32\rc.write.1.tlog
C:\portInst\OculusSDK\Samples\OculusWorldDemo\Obj\Win\VS2012\Actual_Debug\Win32\OculusWorldDemo.res
C:\portInst\OculusSDK\Samples\OculusWorldDemo\Projects\Win\VS2012\../../../Bin/Win/VS2012/Actual_Debug/Win32/OculusWorldDemo.exe
