C:\PORTINST\OCULUSSDK\SAMPLES\OCULUSWORLDDEMO\OBJ\WIN\VS2012\DEBUG\WIN32\PLATFORM.OBJ
C:\PORTINST\OCULUSSDK\SAMPLES\OCULUSWORLDDEMO\OBJ\WIN\VS2012\DEBUG\WIN32\TINYXML2.OBJ
C:\PORTINST\OCULUSSDK\SAMPLES\OCULUSWORLDDEMO\OBJ\WIN\VS2012\DEBUG\WIN32\OCULUSWORLDDEMO_SCENE.OBJ
C:\PORTINST\OCULUSSDK\SAMPLES\OCULUSWORLDDEMO\OBJ\WIN\VS2012\DEBUG\WIN32\WIN32_GAMEPAD.OBJ
C:\PORTINST\OCULUSSDK\SAMPLES\OCULUSWORLDDEMO\OBJ\WIN\VS2012\DEBUG\WIN32\RENDER_D3D10_DEVICE.OBJ
C:\PORTINST\OCULUSSDK\SAMPLES\OCULUSWORLDDEMO\OBJ\WIN\VS2012\DEBUG\WIN32\RENDER_GL_DEVICE.OBJ
C:\PORTINST\OCULUSSDK\SAMPLES\OCULUSWORLDDEMO\OBJ\WIN\VS2012\DEBUG\WIN32\RENDERPROFILER.OBJ
C:\PORTINST\OCULUSSDK\SAMPLES\OCULUSWORLDDEMO\OBJ\WIN\VS2012\DEBUG\WIN32\WIN32_PLATFORM.OBJ
C:\PORTINST\OCULUSSDK\SAMPLES\OCULUSWORLDDEMO\OBJ\WIN\VS2012\DEBUG\WIN32\PLAYER.OBJ
C:\PORTINST\OCULUSSDK\SAMPLES\OCULUSWORLDDEMO\OBJ\WIN\VS2012\DEBUG\WIN32\RENDER_LOADTEXTURETGA.OBJ
C:\PORTINST\OCULUSSDK\SAMPLES\OCULUSWORLDDEMO\OBJ\WIN\VS2012\DEBUG\WIN32\RENDER_XMLSCENELOADER.OBJ
C:\PORTINST\OCULUSSDK\SAMPLES\OCULUSWORLDDEMO\OBJ\WIN\VS2012\DEBUG\WIN32\RENDER_GL_WIN32_DEVICE.OBJ
C:\PORTINST\OCULUSSDK\SAMPLES\OCULUSWORLDDEMO\OBJ\WIN\VS2012\DEBUG\WIN32\OCULUSWORLDDEMO.OBJ
C:\PORTINST\OCULUSSDK\SAMPLES\OCULUSWORLDDEMO\OBJ\WIN\VS2012\DEBUG\WIN32\RENDER_LOADTEXTUREDDS.OBJ
C:\PORTINST\OCULUSSDK\SAMPLES\OCULUSWORLDDEMO\OBJ\WIN\VS2012\DEBUG\WIN32\RENDER_D3D11_DEVICE.OBJ
C:\PORTINST\OCULUSSDK\SAMPLES\OCULUSWORLDDEMO\OBJ\WIN\VS2012\DEBUG\WIN32\RENDER_DEVICE.OBJ
C:\PORTINST\OCULUSSDK\SAMPLES\OCULUSWORLDDEMO\OBJ\WIN\VS2012\DEBUG\WIN32\OPTIONMENU.OBJ
C:\PORTINST\OCULUSSDK\SAMPLES\OCULUSWORLDDEMO\BIN\WIN\VS2012\DEBUG\WIN32\OCULUSWORLDDEMO.ILK
C:\PORTINST\OCULUSSDK\SAMPLES\OCULUSWORLDDEMO\BIN\WIN\VS2012\DEBUG\WIN32\OCULUSWORLDDEMO.EXE
C:\PORTINST\OCULUSSDK\SAMPLES\OCULUSWORLDDEMO\BIN\WIN\VS2012\DEBUG\WIN32\OCULUSWORLDDEMO.PDB
C:\PORTINST\OCULUSSDK\SAMPLES\OCULUSWORLDDEMO\OBJ\WIN\VS2012\DEBUG\WIN32\OCULUSWORLDDEMO.RES
C:\portInst\OculusSDK\Samples\OculusWorldDemo\Obj\Win\VS2012\Debug\Win32\OculusWorldDemo.obj
C:\portInst\OculusSDK\Samples\OculusWorldDemo\Obj\Win\VS2012\Debug\Win32\OculusWorldDemo_Scene.obj
C:\portInst\OculusSDK\Samples\OculusWorldDemo\Obj\Win\VS2012\Debug\Win32\OptionMenu.obj
C:\portInst\OculusSDK\Samples\OculusWorldDemo\Obj\Win\VS2012\Debug\Win32\Platform.obj
C:\portInst\OculusSDK\Samples\OculusWorldDemo\Obj\Win\VS2012\Debug\Win32\Player.obj
C:\portInst\OculusSDK\Samples\OculusWorldDemo\Obj\Win\VS2012\Debug\Win32\RenderProfiler.obj
C:\portInst\OculusSDK\Samples\OculusWorldDemo\Obj\Win\VS2012\Debug\Win32\Render_D3D10_Device.obj
C:\portInst\OculusSDK\Samples\OculusWorldDemo\Obj\Win\VS2012\Debug\Win32\Render_D3D11_Device.obj
C:\portInst\OculusSDK\Samples\OculusWorldDemo\Obj\Win\VS2012\Debug\Win32\Render_Device.obj
C:\portInst\OculusSDK\Samples\OculusWorldDemo\Obj\Win\VS2012\Debug\Win32\Render_GL_Device.obj
C:\portInst\OculusSDK\Samples\OculusWorldDemo\Obj\Win\VS2012\Debug\Win32\Render_GL_Win32_Device.obj
C:\portInst\OculusSDK\Samples\OculusWorldDemo\Obj\Win\VS2012\Debug\Win32\Render_LoadTextureDDS.obj
C:\portInst\OculusSDK\Samples\OculusWorldDemo\Obj\Win\VS2012\Debug\Win32\Render_LoadTextureTGA.obj
C:\portInst\OculusSDK\Samples\OculusWorldDemo\Obj\Win\VS2012\Debug\Win32\Render_XmlSceneLoader.obj
C:\portInst\OculusSDK\Samples\OculusWorldDemo\Obj\Win\VS2012\Debug\Win32\tinyxml2.obj
C:\portInst\OculusSDK\Samples\OculusWorldDemo\Obj\Win\VS2012\Debug\Win32\Win32_Gamepad.obj
C:\portInst\OculusSDK\Samples\OculusWorldDemo\Obj\Win\VS2012\Debug\Win32\Win32_Platform.obj
C:\portInst\OculusSDK\Samples\OculusWorldDemo\Obj\Win\VS2012\Debug\Win32\CL.6508.read.1.tlog
C:\portInst\OculusSDK\Samples\OculusWorldDemo\Obj\Win\VS2012\Debug\Win32\CL.6508.write.1.tlog
C:\portInst\OculusSDK\Samples\OculusWorldDemo\Obj\Win\VS2012\Debug\Win32\CL.6516.read.1.tlog
C:\portInst\OculusSDK\Samples\OculusWorldDemo\Obj\Win\VS2012\Debug\Win32\CL.6516.write.1.tlog
C:\portInst\OculusSDK\Samples\OculusWorldDemo\Obj\Win\VS2012\Debug\Win32\CL.6524.read.1.tlog
C:\portInst\OculusSDK\Samples\OculusWorldDemo\Obj\Win\VS2012\Debug\Win32\CL.6524.write.1.tlog
C:\portInst\OculusSDK\Samples\OculusWorldDemo\Obj\Win\VS2012\Debug\Win32\CL.6532.read.1.tlog
C:\portInst\OculusSDK\Samples\OculusWorldDemo\Obj\Win\VS2012\Debug\Win32\CL.6532.write.1.tlog
C:\portInst\OculusSDK\Samples\OculusWorldDemo\Obj\Win\VS2012\Debug\Win32\CL.6540.read.1.tlog
C:\portInst\OculusSDK\Samples\OculusWorldDemo\Obj\Win\VS2012\Debug\Win32\CL.6540.write.1.tlog
C:\portInst\OculusSDK\Samples\OculusWorldDemo\Obj\Win\VS2012\Debug\Win32\CL.6548.read.1.tlog
C:\portInst\OculusSDK\Samples\OculusWorldDemo\Obj\Win\VS2012\Debug\Win32\CL.6548.write.1.tlog
C:\portInst\OculusSDK\Samples\OculusWorldDemo\Obj\Win\VS2012\Debug\Win32\CL.6556.read.1.tlog
C:\portInst\OculusSDK\Samples\OculusWorldDemo\Obj\Win\VS2012\Debug\Win32\CL.6556.write.1.tlog
C:\portInst\OculusSDK\Samples\OculusWorldDemo\Obj\Win\VS2012\Debug\Win32\CL.6564.read.1.tlog
C:\portInst\OculusSDK\Samples\OculusWorldDemo\Obj\Win\VS2012\Debug\Win32\CL.6564.write.1.tlog
C:\portInst\OculusSDK\Samples\OculusWorldDemo\Obj\Win\VS2012\Debug\Win32\cl.command.1.tlog
C:\portInst\OculusSDK\Samples\OculusWorldDemo\Obj\Win\VS2012\Debug\Win32\CL.read.1.tlog
C:\portInst\OculusSDK\Samples\OculusWorldDemo\Obj\Win\VS2012\Debug\Win32\CL.write.1.tlog
C:\portInst\OculusSDK\Samples\OculusWorldDemo\Obj\Win\VS2012\Debug\Win32\link-cvtres.read.1.tlog
C:\portInst\OculusSDK\Samples\OculusWorldDemo\Obj\Win\VS2012\Debug\Win32\link-cvtres.write.1.tlog
C:\portInst\OculusSDK\Samples\OculusWorldDemo\Obj\Win\VS2012\Debug\Win32\link-rc.read.1.tlog
C:\portInst\OculusSDK\Samples\OculusWorldDemo\Obj\Win\VS2012\Debug\Win32\link-rc.write.1.tlog
C:\portInst\OculusSDK\Samples\OculusWorldDemo\Obj\Win\VS2012\Debug\Win32\link.5052-cvtres.read.1.tlog
C:\portInst\OculusSDK\Samples\OculusWorldDemo\Obj\Win\VS2012\Debug\Win32\link.5052-cvtres.write.1.tlog
C:\portInst\OculusSDK\Samples\OculusWorldDemo\Obj\Win\VS2012\Debug\Win32\link.5052-rc.read.1.tlog
C:\portInst\OculusSDK\Samples\OculusWorldDemo\Obj\Win\VS2012\Debug\Win32\link.5052-rc.write.1.tlog
C:\portInst\OculusSDK\Samples\OculusWorldDemo\Obj\Win\VS2012\Debug\Win32\link.5052.read.1.tlog
C:\portInst\OculusSDK\Samples\OculusWorldDemo\Obj\Win\VS2012\Debug\Win32\link.5052.write.1.tlog
C:\portInst\OculusSDK\Samples\OculusWorldDemo\Obj\Win\VS2012\Debug\Win32\link.command.1.tlog
C:\portInst\OculusSDK\Samples\OculusWorldDemo\Obj\Win\VS2012\Debug\Win32\link.read.1.tlog
C:\portInst\OculusSDK\Samples\OculusWorldDemo\Obj\Win\VS2012\Debug\Win32\link.write.1.tlog
C:\portInst\OculusSDK\Samples\OculusWorldDemo\Obj\Win\VS2012\Debug\Win32\rc.command.1.tlog
C:\portInst\OculusSDK\Samples\OculusWorldDemo\Obj\Win\VS2012\Debug\Win32\rc.read.1.tlog
C:\portInst\OculusSDK\Samples\OculusWorldDemo\Obj\Win\VS2012\Debug\Win32\rc.write.1.tlog
C:\portInst\OculusSDK\Samples\OculusWorldDemo\Obj\Win\VS2012\Debug\Win32\OculusWorldDemo.res
C:\portInst\OculusSDK\Samples\OculusWorldDemo\Projects\Win\VS2012\../../../Bin/Win/VS2012/Debug/Win32/OculusWorldDemo.pdb
C:\portInst\OculusSDK\Samples\OculusWorldDemo\Projects\Win\VS2012\../../../Bin/Win/VS2012/Debug/Win32/OculusWorldDemo.exe
C:\portInst\OculusSDK\Samples\OculusWorldDemo\Projects\Win\VS2012\../../../Bin/Win/VS2012/Debug/Win32/OculusWorldDemo.ilk
