Build started 4/21/2015 6:20:47 PM.
     1>Project "C:\portInst\OculusSDK\LibOVR\Projects\Win32\VS2012\LibOVR.vcxproj" on node 2 (Build target(s)).
     1>ClCompile:
         C:\Program Files (x86)\Microsoft Visual Studio 11.0\VC\bin\CL.exe /c /I../../../../3rdParty/glext/ /Z7 /nologo /W4 /WX- /MP /O2 /Oi /Oy- /D WIN32 /D NDEBUG /D _LIB /D _UNICODE /D UNICODE /Gm- /EHsc /MT /GS /Gy /fp:precise /Zc:wchar_t /Zc:forScope /Fo"../../../Obj/Win32/VS2012/Actual_Debug/" /Fd"../../../Obj/Win32/VS2012/Actual_Debug/vc110.pdb" /Gd /TP /analyze- /Zl /errorReport:prompt /d2Zi+ ..\..\..\Src\OVR_CAPI.cpp
         OVR_CAPI.cpp
       Lib:
         C:\Program Files (x86)\Microsoft Visual Studio 11.0\VC\bin\Lib.exe /OUT:"../../../Lib/Win32/VS2012/libovr.lib" Setupapi.lib /NOLOGO /LTCG ../../../Obj/Win32/VS2012/Actual_Debug/CAPI_DistortionRenderer.obj
         ../../../Obj/Win32/VS2012/Actual_Debug/CAPI_FrameTimeManager.obj
         ../../../Obj/Win32/VS2012/Actual_Debug/CAPI_HMDRenderState.obj
         ../../../Obj/Win32/VS2012/Actual_Debug/CAPI_HMDState.obj
         ../../../Obj/Win32/VS2012/Actual_Debug/CAPI_HSWDisplay.obj
         ../../../Obj/Win32/VS2012/Actual_Debug/CAPI_D3D10_DistortionRenderer.obj
         ../../../Obj/Win32/VS2012/Actual_Debug/CAPI_D3D10_HSWDisplay.obj
         ../../../Obj/Win32/VS2012/Actual_Debug/CAPI_D3D11_DistortionRenderer.obj
         ../../../Obj/Win32/VS2012/Actual_Debug/CAPI_D3D11_HSWDisplay.obj
         ../../../Obj/Win32/VS2012/Actual_Debug/CAPI_D3D9_DistortionRenderer.obj
         ../../../Obj/Win32/VS2012/Actual_Debug/CAPI_D3D9_HSWDisplay.obj
         ../../../Obj/Win32/VS2012/Actual_Debug/CAPI_D3D9_Util.obj
         ../../../Obj/Win32/VS2012/Actual_Debug/CAPI_GL_DistortionRenderer.obj
         ../../../Obj/Win32/VS2012/Actual_Debug/CAPI_GL_HSWDisplay.obj
         ../../../Obj/Win32/VS2012/Actual_Debug/CAPI_GL_Util.obj
         ../../../Obj/Win32/VS2012/Actual_Debug/OVR_Win32_Display.obj
         ../../../Obj/Win32/VS2012/Actual_Debug/OVR_Win32_FocusReader.obj
         ../../../Obj/Win32/VS2012/Actual_Debug/OVR_Win32_RenderShim.obj
         ../../../Obj/Win32/VS2012/Actual_Debug/OVR_Win32_ShimFunctions.obj
         ../../../Obj/Win32/VS2012/Actual_Debug/OVR_Alg.obj
         ../../../Obj/Win32/VS2012/Actual_Debug/OVR_Allocator.obj
         ../../../Obj/Win32/VS2012/Actual_Debug/OVR_Atomic.obj
         ../../../Obj/Win32/VS2012/Actual_Debug/OVR_CRC32.obj
         ../../../Obj/Win32/VS2012/Actual_Debug/OVR_File.obj
         ../../../Obj/Win32/VS2012/Actual_Debug/OVR_FileFILE.obj
         ../../../Obj/Win32/VS2012/Actual_Debug/OVR_Lockless.obj
         ../../../Obj/Win32/VS2012/Actual_Debug/OVR_Log.obj
         ../../../Obj/Win32/VS2012/Actual_Debug/OVR_Math.obj
         ../../../Obj/Win32/VS2012/Actual_Debug/OVR_RefCount.obj
         ../../../Obj/Win32/VS2012/Actual_Debug/OVR_SharedMemory.obj
         ../../../Obj/Win32/VS2012/Actual_Debug/OVR_Std.obj
         ../../../Obj/Win32/VS2012/Actual_Debug/OVR_String.obj
         ../../../Obj/Win32/VS2012/Actual_Debug/OVR_String_FormatUtil.obj
         ../../../Obj/Win32/VS2012/Actual_Debug/OVR_String_PathUtil.obj
         ../../../Obj/Win32/VS2012/Actual_Debug/OVR_SysFile.obj
         ../../../Obj/Win32/VS2012/Actual_Debug/OVR_System.obj
         ../../../Obj/Win32/VS2012/Actual_Debug/OVR_ThreadCommandQueue.obj
         ../../../Obj/Win32/VS2012/Actual_Debug/OVR_ThreadsWinAPI.obj
         ../../../Obj/Win32/VS2012/Actual_Debug/OVR_Timer.obj
         ../../../Obj/Win32/VS2012/Actual_Debug/OVR_UTF8Util.obj
         ../../../Obj/Win32/VS2012/Actual_Debug/OVR_BitStream.obj
         ../../../Obj/Win32/VS2012/Actual_Debug/OVR_NetworkPlugin.obj
         ../../../Obj/Win32/VS2012/Actual_Debug/OVR_PacketizedTCPSocket.obj
         ../../../Obj/Win32/VS2012/Actual_Debug/OVR_RPC1.obj
         ../../../Obj/Win32/VS2012/Actual_Debug/OVR_Session.obj
         ../../../Obj/Win32/VS2012/Actual_Debug/OVR_Socket.obj
         ../../../Obj/Win32/VS2012/Actual_Debug/OVR_Win32_Socket.obj
         ../../../Obj/Win32/VS2012/Actual_Debug/OVR_CAPI.obj
         ../../../Obj/Win32/VS2012/Actual_Debug/OVR_JSON.obj
         ../../../Obj/Win32/VS2012/Actual_Debug/OVR_Profile.obj
         ../../../Obj/Win32/VS2012/Actual_Debug/OVR_SerialFormat.obj
         ../../../Obj/Win32/VS2012/Actual_Debug/OVR_Stereo.obj
         ../../../Obj/Win32/VS2012/Actual_Debug/Service_NetClient.obj
         ../../../Obj/Win32/VS2012/Actual_Debug/Service_NetSessionCommon.obj
         ../../../Obj/Win32/VS2012/Actual_Debug/Tracking_SensorStateReader.obj
         ../../../Obj/Win32/VS2012/Actual_Debug/Util_ImageWindow.obj
         ../../../Obj/Win32/VS2012/Actual_Debug/Util_Interface.obj
         ../../../Obj/Win32/VS2012/Actual_Debug/Util_LatencyTest2Reader.obj
         ../../../Obj/Win32/VS2012/Actual_Debug/Util_Render_Stereo.obj
         LibOVR.vcxproj -> C:\portInst\OculusSDK\LibOVR\Projects\Win32\VS2012\../../../Lib/Win32/VS2012/libovr.lib
     1>Done Building Project "C:\portInst\OculusSDK\LibOVR\Projects\Win32\VS2012\LibOVR.vcxproj" (Build target(s)).

Build succeeded.

Time Elapsed 00:00:02.79
