C:\PORTINST\OCULUSSDK\LIBOVR\OBJ\WIN32\VS2012\ACTUAL_DEBUG\CAPI_HMDRENDERSTATE.OBJ
C:\PORTINST\OCULUSSDK\LIBOVR\OBJ\WIN32\VS2012\ACTUAL_DEBUG\CAPI_D3D9_DISTORTIONRENDERER.OBJ
C:\PORTINST\OCULUSSDK\LIBOVR\OBJ\WIN32\VS2012\ACTUAL_DEBUG\OVR_WIN32_FOCUSREADER.OBJ
C:\PORTINST\OCULUSSDK\LIBOVR\OBJ\WIN32\VS2012\ACTUAL_DEBUG\OVR_FILE.OBJ
C:\PORTINST\OCULUSSDK\LIBOVR\OBJ\WIN32\VS2012\ACTUAL_DEBUG\OVR_STRING_PATHUTIL.OBJ
C:\PORTINST\OCULUSSDK\LIBOVR\OBJ\WIN32\VS2012\ACTUAL_DEBUG\OVR_NETWORKPLUGIN.OBJ
C:\PORTINST\OCULUSSDK\LIBOVR\OBJ\WIN32\VS2012\ACTUAL_DEBUG\OVR_PROFILE.OBJ
C:\PORTINST\OCULUSSDK\LIBOVR\OBJ\WIN32\VS2012\ACTUAL_DEBUG\CAPI_D3D10_HSWDISPLAY.OBJ
C:\PORTINST\OCULUSSDK\LIBOVR\OBJ\WIN32\VS2012\ACTUAL_DEBUG\CAPI_GL_DISTORTIONRENDERER.OBJ
C:\PORTINST\OCULUSSDK\LIBOVR\OBJ\WIN32\VS2012\ACTUAL_DEBUG\OVR_LOG.OBJ
C:\PORTINST\OCULUSSDK\LIBOVR\OBJ\WIN32\VS2012\ACTUAL_DEBUG\OVR_STRING_FORMATUTIL.OBJ
C:\PORTINST\OCULUSSDK\LIBOVR\OBJ\WIN32\VS2012\ACTUAL_DEBUG\OVR_UTF8UTIL.OBJ
C:\PORTINST\OCULUSSDK\LIBOVR\OBJ\WIN32\VS2012\ACTUAL_DEBUG\OVR_RPC1.OBJ
C:\PORTINST\OCULUSSDK\LIBOVR\OBJ\WIN32\VS2012\ACTUAL_DEBUG\SERVICE_NETSESSIONCOMMON.OBJ
C:\PORTINST\OCULUSSDK\LIBOVR\OBJ\WIN32\VS2012\ACTUAL_DEBUG\CAPI_D3D11_DISTORTIONRENDERER.OBJ
C:\PORTINST\OCULUSSDK\LIBOVR\OBJ\WIN32\VS2012\ACTUAL_DEBUG\CAPI_GL_HSWDISPLAY.OBJ
C:\PORTINST\OCULUSSDK\LIBOVR\OBJ\WIN32\VS2012\ACTUAL_DEBUG\OVR_FILEFILE.OBJ
C:\PORTINST\OCULUSSDK\LIBOVR\OBJ\WIN32\VS2012\ACTUAL_DEBUG\OVR_SYSFILE.OBJ
C:\PORTINST\OCULUSSDK\LIBOVR\OBJ\WIN32\VS2012\ACTUAL_DEBUG\OVR_SESSION.OBJ
C:\PORTINST\OCULUSSDK\LIBOVR\OBJ\WIN32\VS2012\ACTUAL_DEBUG\SERVICE_NETCLIENT.OBJ
C:\PORTINST\OCULUSSDK\LIBOVR\OBJ\WIN32\VS2012\ACTUAL_DEBUG\CAPI_DISTORTIONRENDERER.OBJ
C:\PORTINST\OCULUSSDK\LIBOVR\OBJ\WIN32\VS2012\ACTUAL_DEBUG\CAPI_GL_UTIL.OBJ
C:\PORTINST\OCULUSSDK\LIBOVR\OBJ\WIN32\VS2012\ACTUAL_DEBUG\OVR_ALG.OBJ
C:\PORTINST\OCULUSSDK\LIBOVR\OBJ\WIN32\VS2012\ACTUAL_DEBUG\OVR_ALLOCATOR.OBJ
C:\PORTINST\OCULUSSDK\LIBOVR\OBJ\WIN32\VS2012\ACTUAL_DEBUG\OVR_CRC32.OBJ
C:\PORTINST\OCULUSSDK\LIBOVR\OBJ\WIN32\VS2012\ACTUAL_DEBUG\OVR_LOCKLESS.OBJ
C:\PORTINST\OCULUSSDK\LIBOVR\OBJ\WIN32\VS2012\ACTUAL_DEBUG\OVR_STRING.OBJ
C:\PORTINST\OCULUSSDK\LIBOVR\OBJ\WIN32\VS2012\ACTUAL_DEBUG\OVR_BITSTREAM.OBJ
C:\PORTINST\OCULUSSDK\LIBOVR\OBJ\WIN32\VS2012\ACTUAL_DEBUG\OVR_JSON.OBJ
C:\PORTINST\OCULUSSDK\LIBOVR\OBJ\WIN32\VS2012\ACTUAL_DEBUG\UTIL_INTERFACE.OBJ
C:\PORTINST\OCULUSSDK\LIBOVR\OBJ\WIN32\VS2012\ACTUAL_DEBUG\UTIL_RENDER_STEREO.OBJ
C:\PORTINST\OCULUSSDK\LIBOVR\OBJ\WIN32\VS2012\ACTUAL_DEBUG\CAPI_D3D10_DISTORTIONRENDERER.OBJ
C:\PORTINST\OCULUSSDK\LIBOVR\OBJ\WIN32\VS2012\ACTUAL_DEBUG\CAPI_D3D9_UTIL.OBJ
C:\PORTINST\OCULUSSDK\LIBOVR\OBJ\WIN32\VS2012\ACTUAL_DEBUG\OVR_ATOMIC.OBJ
C:\PORTINST\OCULUSSDK\LIBOVR\OBJ\WIN32\VS2012\ACTUAL_DEBUG\OVR_REFCOUNT.OBJ
C:\PORTINST\OCULUSSDK\LIBOVR\OBJ\WIN32\VS2012\ACTUAL_DEBUG\OVR_THREADSWINAPI.OBJ
C:\PORTINST\OCULUSSDK\LIBOVR\OBJ\WIN32\VS2012\ACTUAL_DEBUG\OVR_WIN32_SOCKET.OBJ
C:\PORTINST\OCULUSSDK\LIBOVR\OBJ\WIN32\VS2012\ACTUAL_DEBUG\TRACKING_SENSORSTATEREADER.OBJ
C:\PORTINST\OCULUSSDK\LIBOVR\OBJ\WIN32\VS2012\ACTUAL_DEBUG\CAPI_FRAMETIMEMANAGER.OBJ
C:\PORTINST\OCULUSSDK\LIBOVR\OBJ\WIN32\VS2012\ACTUAL_DEBUG\CAPI_D3D11_HSWDISPLAY.OBJ
C:\PORTINST\OCULUSSDK\LIBOVR\OBJ\WIN32\VS2012\ACTUAL_DEBUG\OVR_WIN32_SHIMFUNCTIONS.OBJ
C:\PORTINST\OCULUSSDK\LIBOVR\OBJ\WIN32\VS2012\ACTUAL_DEBUG\OVR_THREADCOMMANDQUEUE.OBJ
C:\PORTINST\OCULUSSDK\LIBOVR\OBJ\WIN32\VS2012\ACTUAL_DEBUG\OVR_PACKETIZEDTCPSOCKET.OBJ
C:\PORTINST\OCULUSSDK\LIBOVR\OBJ\WIN32\VS2012\ACTUAL_DEBUG\OVR_SERIALFORMAT.OBJ
C:\PORTINST\OCULUSSDK\LIBOVR\OBJ\WIN32\VS2012\ACTUAL_DEBUG\UTIL_LATENCYTEST2READER.OBJ
C:\PORTINST\OCULUSSDK\LIBOVR\OBJ\WIN32\VS2012\ACTUAL_DEBUG\CAPI_HMDSTATE.OBJ
C:\PORTINST\OCULUSSDK\LIBOVR\OBJ\WIN32\VS2012\ACTUAL_DEBUG\CAPI_D3D9_HSWDISPLAY.OBJ
C:\PORTINST\OCULUSSDK\LIBOVR\OBJ\WIN32\VS2012\ACTUAL_DEBUG\OVR_WIN32_RENDERSHIM.OBJ
C:\PORTINST\OCULUSSDK\LIBOVR\OBJ\WIN32\VS2012\ACTUAL_DEBUG\OVR_SHAREDMEMORY.OBJ
C:\PORTINST\OCULUSSDK\LIBOVR\OBJ\WIN32\VS2012\ACTUAL_DEBUG\OVR_TIMER.OBJ
C:\PORTINST\OCULUSSDK\LIBOVR\OBJ\WIN32\VS2012\ACTUAL_DEBUG\OVR_CAPI.OBJ
C:\PORTINST\OCULUSSDK\LIBOVR\OBJ\WIN32\VS2012\ACTUAL_DEBUG\UTIL_IMAGEWINDOW.OBJ
C:\PORTINST\OCULUSSDK\LIBOVR\OBJ\WIN32\VS2012\ACTUAL_DEBUG\CAPI_HSWDISPLAY.OBJ
C:\PORTINST\OCULUSSDK\LIBOVR\OBJ\WIN32\VS2012\ACTUAL_DEBUG\OVR_WIN32_DISPLAY.OBJ
C:\PORTINST\OCULUSSDK\LIBOVR\OBJ\WIN32\VS2012\ACTUAL_DEBUG\OVR_MATH.OBJ
C:\PORTINST\OCULUSSDK\LIBOVR\OBJ\WIN32\VS2012\ACTUAL_DEBUG\OVR_STD.OBJ
C:\PORTINST\OCULUSSDK\LIBOVR\OBJ\WIN32\VS2012\ACTUAL_DEBUG\OVR_SYSTEM.OBJ
C:\PORTINST\OCULUSSDK\LIBOVR\OBJ\WIN32\VS2012\ACTUAL_DEBUG\OVR_SOCKET.OBJ
C:\PORTINST\OCULUSSDK\LIBOVR\OBJ\WIN32\VS2012\ACTUAL_DEBUG\OVR_STEREO.OBJ
C:\PORTINST\OCULUSSDK\LIBOVR\SRC\CAPI\SHADERS\DISTORTIONCHROMA_PS.H
C:\PORTINST\OCULUSSDK\LIBOVR\SRC\CAPI\SHADERS\DISTORTIONCHROMA_VS.H
C:\PORTINST\OCULUSSDK\LIBOVR\SRC\CAPI\SHADERS\DISTORTIONTIMEWARPCHROMA_VS.H
C:\PORTINST\OCULUSSDK\LIBOVR\SRC\CAPI\SHADERS\DISTORTIONTIMEWARP_VS.H
C:\PORTINST\OCULUSSDK\LIBOVR\SRC\CAPI\SHADERS\DISTORTION_PS.H
C:\PORTINST\OCULUSSDK\LIBOVR\SRC\CAPI\SHADERS\DISTORTION_VS.H
C:\PORTINST\OCULUSSDK\LIBOVR\SRC\CAPI\SHADERS\SIMPLEQUAD_PS.H
C:\PORTINST\OCULUSSDK\LIBOVR\SRC\CAPI\SHADERS\SIMPLEQUAD_VS.H
C:\PORTINST\OCULUSSDK\LIBOVR\SRC\CAPI\SHADERS\SIMPLETEXTUREDQUAD_PS.H
C:\PORTINST\OCULUSSDK\LIBOVR\SRC\CAPI\SHADERS\SIMPLETEXTUREDQUAD_VS.H
C:\PORTINST\OCULUSSDK\LIBOVR\LIB\WIN32\VS2012\LIBOVR.LIB
C:\portInst\OculusSDK\LibOVR\Obj\Win32\VS2012\Actual_Debug\CAPI_D3D10_DistortionRenderer.obj
C:\portInst\OculusSDK\LibOVR\Obj\Win32\VS2012\Actual_Debug\CAPI_D3D10_HSWDisplay.obj
C:\portInst\OculusSDK\LibOVR\Obj\Win32\VS2012\Actual_Debug\CAPI_D3D11_DistortionRenderer.obj
C:\portInst\OculusSDK\LibOVR\Obj\Win32\VS2012\Actual_Debug\CAPI_D3D11_HSWDisplay.obj
C:\portInst\OculusSDK\LibOVR\Obj\Win32\VS2012\Actual_Debug\CAPI_D3D9_DistortionRenderer.obj
C:\portInst\OculusSDK\LibOVR\Obj\Win32\VS2012\Actual_Debug\CAPI_D3D9_HSWDisplay.obj
C:\portInst\OculusSDK\LibOVR\Obj\Win32\VS2012\Actual_Debug\CAPI_D3D9_Util.obj
C:\portInst\OculusSDK\LibOVR\Obj\Win32\VS2012\Actual_Debug\CAPI_DistortionRenderer.obj
C:\portInst\OculusSDK\LibOVR\Obj\Win32\VS2012\Actual_Debug\CAPI_FrameTimeManager.obj
C:\portInst\OculusSDK\LibOVR\Obj\Win32\VS2012\Actual_Debug\CAPI_GL_DistortionRenderer.obj
C:\portInst\OculusSDK\LibOVR\Obj\Win32\VS2012\Actual_Debug\CAPI_GL_HSWDisplay.obj
C:\portInst\OculusSDK\LibOVR\Obj\Win32\VS2012\Actual_Debug\CAPI_GL_Util.obj
C:\portInst\OculusSDK\LibOVR\Obj\Win32\VS2012\Actual_Debug\CAPI_HMDRenderState.obj
C:\portInst\OculusSDK\LibOVR\Obj\Win32\VS2012\Actual_Debug\CAPI_HMDState.obj
C:\portInst\OculusSDK\LibOVR\Obj\Win32\VS2012\Actual_Debug\CAPI_HSWDisplay.obj
C:\portInst\OculusSDK\LibOVR\Obj\Win32\VS2012\Actual_Debug\OVR_Alg.obj
C:\portInst\OculusSDK\LibOVR\Obj\Win32\VS2012\Actual_Debug\OVR_Allocator.obj
C:\portInst\OculusSDK\LibOVR\Obj\Win32\VS2012\Actual_Debug\OVR_Atomic.obj
C:\portInst\OculusSDK\LibOVR\Obj\Win32\VS2012\Actual_Debug\OVR_BitStream.obj
C:\portInst\OculusSDK\LibOVR\Obj\Win32\VS2012\Actual_Debug\OVR_CAPI.obj
C:\portInst\OculusSDK\LibOVR\Obj\Win32\VS2012\Actual_Debug\OVR_CRC32.obj
C:\portInst\OculusSDK\LibOVR\Obj\Win32\VS2012\Actual_Debug\OVR_File.obj
C:\portInst\OculusSDK\LibOVR\Obj\Win32\VS2012\Actual_Debug\OVR_FileFILE.obj
C:\portInst\OculusSDK\LibOVR\Obj\Win32\VS2012\Actual_Debug\OVR_JSON.obj
C:\portInst\OculusSDK\LibOVR\Obj\Win32\VS2012\Actual_Debug\OVR_Lockless.obj
C:\portInst\OculusSDK\LibOVR\Obj\Win32\VS2012\Actual_Debug\OVR_Log.obj
C:\portInst\OculusSDK\LibOVR\Obj\Win32\VS2012\Actual_Debug\OVR_Math.obj
C:\portInst\OculusSDK\LibOVR\Obj\Win32\VS2012\Actual_Debug\OVR_NetworkPlugin.obj
C:\portInst\OculusSDK\LibOVR\Obj\Win32\VS2012\Actual_Debug\OVR_PacketizedTCPSocket.obj
C:\portInst\OculusSDK\LibOVR\Obj\Win32\VS2012\Actual_Debug\OVR_Profile.obj
C:\portInst\OculusSDK\LibOVR\Obj\Win32\VS2012\Actual_Debug\OVR_RefCount.obj
C:\portInst\OculusSDK\LibOVR\Obj\Win32\VS2012\Actual_Debug\OVR_RPC1.obj
C:\portInst\OculusSDK\LibOVR\Obj\Win32\VS2012\Actual_Debug\OVR_SerialFormat.obj
C:\portInst\OculusSDK\LibOVR\Obj\Win32\VS2012\Actual_Debug\OVR_Session.obj
C:\portInst\OculusSDK\LibOVR\Obj\Win32\VS2012\Actual_Debug\OVR_SharedMemory.obj
C:\portInst\OculusSDK\LibOVR\Obj\Win32\VS2012\Actual_Debug\OVR_Socket.obj
C:\portInst\OculusSDK\LibOVR\Obj\Win32\VS2012\Actual_Debug\OVR_Std.obj
C:\portInst\OculusSDK\LibOVR\Obj\Win32\VS2012\Actual_Debug\OVR_Stereo.obj
C:\portInst\OculusSDK\LibOVR\Obj\Win32\VS2012\Actual_Debug\OVR_String.obj
C:\portInst\OculusSDK\LibOVR\Obj\Win32\VS2012\Actual_Debug\OVR_String_FormatUtil.obj
C:\portInst\OculusSDK\LibOVR\Obj\Win32\VS2012\Actual_Debug\OVR_String_PathUtil.obj
C:\portInst\OculusSDK\LibOVR\Obj\Win32\VS2012\Actual_Debug\OVR_SysFile.obj
C:\portInst\OculusSDK\LibOVR\Obj\Win32\VS2012\Actual_Debug\OVR_System.obj
C:\portInst\OculusSDK\LibOVR\Obj\Win32\VS2012\Actual_Debug\OVR_ThreadCommandQueue.obj
C:\portInst\OculusSDK\LibOVR\Obj\Win32\VS2012\Actual_Debug\OVR_ThreadsWinAPI.obj
C:\portInst\OculusSDK\LibOVR\Obj\Win32\VS2012\Actual_Debug\OVR_Timer.obj
C:\portInst\OculusSDK\LibOVR\Obj\Win32\VS2012\Actual_Debug\OVR_UTF8Util.obj
C:\portInst\OculusSDK\LibOVR\Obj\Win32\VS2012\Actual_Debug\OVR_Win32_Display.obj
C:\portInst\OculusSDK\LibOVR\Obj\Win32\VS2012\Actual_Debug\OVR_Win32_FocusReader.obj
C:\portInst\OculusSDK\LibOVR\Obj\Win32\VS2012\Actual_Debug\OVR_Win32_RenderShim.obj
C:\portInst\OculusSDK\LibOVR\Obj\Win32\VS2012\Actual_Debug\OVR_Win32_ShimFunctions.obj
C:\portInst\OculusSDK\LibOVR\Obj\Win32\VS2012\Actual_Debug\OVR_Win32_Socket.obj
C:\portInst\OculusSDK\LibOVR\Obj\Win32\VS2012\Actual_Debug\Service_NetClient.obj
C:\portInst\OculusSDK\LibOVR\Obj\Win32\VS2012\Actual_Debug\Service_NetSessionCommon.obj
C:\portInst\OculusSDK\LibOVR\Obj\Win32\VS2012\Actual_Debug\Tracking_SensorStateReader.obj
C:\portInst\OculusSDK\LibOVR\Obj\Win32\VS2012\Actual_Debug\Util_ImageWindow.obj
C:\portInst\OculusSDK\LibOVR\Obj\Win32\VS2012\Actual_Debug\Util_Interface.obj
C:\portInst\OculusSDK\LibOVR\Obj\Win32\VS2012\Actual_Debug\Util_LatencyTest2Reader.obj
C:\portInst\OculusSDK\LibOVR\Obj\Win32\VS2012\Actual_Debug\Util_Render_Stereo.obj
C:\portInst\OculusSDK\LibOVR\Obj\Win32\VS2012\Actual_Debug\CL.2196.read.1.tlog
C:\portInst\OculusSDK\LibOVR\Obj\Win32\VS2012\Actual_Debug\CL.2196.write.1.tlog
C:\portInst\OculusSDK\LibOVR\Obj\Win32\VS2012\Actual_Debug\CL.4668.read.1.tlog
C:\portInst\OculusSDK\LibOVR\Obj\Win32\VS2012\Actual_Debug\CL.4668.write.1.tlog
C:\portInst\OculusSDK\LibOVR\Obj\Win32\VS2012\Actual_Debug\CL.5308.read.1.tlog
C:\portInst\OculusSDK\LibOVR\Obj\Win32\VS2012\Actual_Debug\CL.5308.write.1.tlog
C:\portInst\OculusSDK\LibOVR\Obj\Win32\VS2012\Actual_Debug\CL.6096.read.1.tlog
C:\portInst\OculusSDK\LibOVR\Obj\Win32\VS2012\Actual_Debug\CL.6096.write.1.tlog
C:\portInst\OculusSDK\LibOVR\Obj\Win32\VS2012\Actual_Debug\CL.6196.read.1.tlog
C:\portInst\OculusSDK\LibOVR\Obj\Win32\VS2012\Actual_Debug\CL.6196.write.1.tlog
C:\portInst\OculusSDK\LibOVR\Obj\Win32\VS2012\Actual_Debug\CL.6316.read.1.tlog
C:\portInst\OculusSDK\LibOVR\Obj\Win32\VS2012\Actual_Debug\CL.6316.write.1.tlog
C:\portInst\OculusSDK\LibOVR\Obj\Win32\VS2012\Actual_Debug\CL.6892.read.1.tlog
C:\portInst\OculusSDK\LibOVR\Obj\Win32\VS2012\Actual_Debug\CL.6892.write.1.tlog
C:\portInst\OculusSDK\LibOVR\Obj\Win32\VS2012\Actual_Debug\CL.868.read.1.tlog
C:\portInst\OculusSDK\LibOVR\Obj\Win32\VS2012\Actual_Debug\CL.868.write.1.tlog
C:\portInst\OculusSDK\LibOVR\Obj\Win32\VS2012\Actual_Debug\cl.command.1.tlog
C:\portInst\OculusSDK\LibOVR\Obj\Win32\VS2012\Actual_Debug\CL.read.1.tlog
C:\portInst\OculusSDK\LibOVR\Obj\Win32\VS2012\Actual_Debug\CL.write.1.tlog
C:\portInst\OculusSDK\LibOVR\Obj\Win32\VS2012\Actual_Debug\custombuild.command.1.tlog
C:\portInst\OculusSDK\LibOVR\Obj\Win32\VS2012\Actual_Debug\custombuild.read.1.tlog
C:\portInst\OculusSDK\LibOVR\Obj\Win32\VS2012\Actual_Debug\custombuild.write.1.tlog
C:\portInst\OculusSDK\LibOVR\Obj\Win32\VS2012\Actual_Debug\Lib-link.read.1.tlog
C:\portInst\OculusSDK\LibOVR\Obj\Win32\VS2012\Actual_Debug\Lib-link.write.1.tlog
C:\portInst\OculusSDK\LibOVR\Obj\Win32\VS2012\Actual_Debug\lib.command.1.tlog
C:\portInst\OculusSDK\LibOVR\Projects\Win32\VS2012\../../../Lib/Win32/VS2012/libovr.lib
