Build started 2/13/2015 1:12:47 PM.
     1>Project "C:\portInst\OculusSDK\Samples\OculusWorldDemo\Projects\Win\VS2012\OculusWorldDemo.vcxproj" on node 2 (Rebuild target(s)).
     1>ClCompile:
         C:\Program Files (x86)\Microsoft Visual Studio 11.0\VC\bin\CL.exe /c /I../../../../../LibOVR/Include /I../../../../../LibOVR/Src /I../../../../../3rdParty/glext /Z7 /nologo /W4 /WX- /MP /O2 /Oi /Oy- /GL /D WIN32 /D NDEBUG /D _WINDOWS /D _UNICODE /D UNICODE /Gm- /EHsc /MT /GS /Gy /fp:precise /Zc:wchar_t /Zc:forScope /Fo"C:\portInst\OculusSDK\Samples\OculusWorldDemo\Projects\Win\VS2012\../../../Obj/Win/VS2012/Release/Win32/" /Fd"C:\portInst\OculusSDK\Samples\OculusWorldDemo\Projects\Win\VS2012\../../../Obj/Win/VS2012/Release/Win32/vc110.pdb" /Gd /TP /analyze- /errorReport:prompt /d2Zi+ ..\..\..\..\CommonSrc\Platform\Platform.cpp ..\..\..\..\CommonSrc\Platform\Win32_Gamepad.cpp ..\..\..\..\CommonSrc\Platform\Win32_Platform.cpp ..\..\..\..\CommonSrc\Render\Render_GL_Device.cpp ..\..\..\..\CommonSrc\Render\Render_GL_Win32_Device.cpp ..\..\..\..\CommonSrc\Render\Render_LoadTextureDDS.cpp ..\..\..\..\CommonSrc\Render\Render_LoadTextureTGA.cpp ..\..\..\..\CommonSrc\Render\Render_Device.cpp ..\..\..\..\CommonSrc\Render\Render_D3D10_Device.cpp ..\..\..\..\CommonSrc\Render\Render_D3D11_Device.cpp ..\..\..\..\..\3rdParty\TinyXml\tinyxml2.cpp ..\..\..\..\CommonSrc\Render\Render_XmlSceneLoader.cpp ..\..\..\..\CommonSrc\Util\OptionMenu.cpp ..\..\..\..\CommonSrc\Util\RenderProfiler.cpp ..\..\..\OculusWorldDemo.cpp ..\..\..\OculusWorldDemo_Scene.cpp ..\..\..\Player.cpp
         Platform.cpp
         Win32_Gamepad.cpp
         Win32_Platform.cpp
         Render_GL_Device.cpp
         Render_GL_Win32_Device.cpp
         Render_LoadTextureDDS.cpp
         Render_LoadTextureTGA.cpp
         Render_Device.cpp
         Render_D3D10_Device.cpp
         Render_D3D11_Device.cpp
         tinyxml2.cpp
         Render_XmlSceneLoader.cpp
         OptionMenu.cpp
         RenderProfiler.cpp
         OculusWorldDemo.cpp
         OculusWorldDemo_Scene.cpp
         Player.cpp
       ResourceCompile:
         C:\Program Files (x86)\Windows Kits\8.0\bin\x86\rc.exe /D _UNICODE /D UNICODE /l"0x0409" /nologo /fo"C:\portInst\OculusSDK\Samples\OculusWorldDemo\Projects\Win\VS2012\../../../Obj/Win/VS2012/Release/Win32/OculusWorldDemo.res" ..\..\..\OculusWorldDemo.rc 
       Link:
         C:\Program Files (x86)\Microsoft Visual Studio 11.0\VC\bin\link.exe /ERRORREPORT:PROMPT /OUT:"C:\portInst\OculusSDK\Samples\OculusWorldDemo\Projects\Win\VS2012\../../../Bin/Win/VS2012/Release/Win32/OculusWorldDemo.exe" /INCREMENTAL:NO /NOLOGO /LIBPATH:../../../../../LibOVR/Lib/Win32/VS2012/ ws2_32.lib opengl32.lib Dbghelp.lib libovr.lib dxgi.lib d3d10_1.lib d3d11.lib d3dcompiler.lib winmm.lib kernel32.lib user32.lib gdi32.lib winspool.lib comdlg32.lib advapi32.lib shell32.lib ole32.lib oleaut32.lib uuid.lib odbc32.lib odbccp32.lib /MANIFEST /MANIFESTUAC:"level='asInvoker' uiAccess='false'" /manifest:embed /PDB:"C:\portInst\OculusSDK\Samples\OculusWorldDemo\Projects\Win\VS2012\../../../Bin/Win/VS2012/Release/Win32/OculusWorldDemo.pdb" /SUBSYSTEM:WINDOWS /OPT:REF /OPT:ICF /LTCG /TLBID:1 /DYNAMICBASE /NXCOMPAT /IMPLIB:"C:\portInst\OculusSDK\Samples\OculusWorldDemo\Projects\Win\VS2012\../../../Bin/Win/VS2012/Release/Win32/OculusWorldDemo.lib" /MACHINE:X86 /SAFESEH C:\portInst\OculusSDK\Samples\OculusWorldDemo\Projects\Win\VS2012\../../../Obj/Win/VS2012/Release/Win32/OculusWorldDemo.res
         C:\portInst\OculusSDK\Samples\OculusWorldDemo\Projects\Win\VS2012\../../../Obj/Win/VS2012/Release/Win32/Platform.obj
         C:\portInst\OculusSDK\Samples\OculusWorldDemo\Projects\Win\VS2012\../../../Obj/Win/VS2012/Release/Win32/Win32_Gamepad.obj
         C:\portInst\OculusSDK\Samples\OculusWorldDemo\Projects\Win\VS2012\../../../Obj/Win/VS2012/Release/Win32/Win32_Platform.obj
         C:\portInst\OculusSDK\Samples\OculusWorldDemo\Projects\Win\VS2012\../../../Obj/Win/VS2012/Release/Win32/Render_GL_Device.obj
         C:\portInst\OculusSDK\Samples\OculusWorldDemo\Projects\Win\VS2012\../../../Obj/Win/VS2012/Release/Win32/Render_GL_Win32_Device.obj
         C:\portInst\OculusSDK\Samples\OculusWorldDemo\Projects\Win\VS2012\../../../Obj/Win/VS2012/Release/Win32/Render_LoadTextureDDS.obj
         C:\portInst\OculusSDK\Samples\OculusWorldDemo\Projects\Win\VS2012\../../../Obj/Win/VS2012/Release/Win32/Render_LoadTextureTGA.obj
         C:\portInst\OculusSDK\Samples\OculusWorldDemo\Projects\Win\VS2012\../../../Obj/Win/VS2012/Release/Win32/Render_Device.obj
         C:\portInst\OculusSDK\Samples\OculusWorldDemo\Projects\Win\VS2012\../../../Obj/Win/VS2012/Release/Win32/Render_D3D10_Device.obj
         C:\portInst\OculusSDK\Samples\OculusWorldDemo\Projects\Win\VS2012\../../../Obj/Win/VS2012/Release/Win32/Render_D3D11_Device.obj
         C:\portInst\OculusSDK\Samples\OculusWorldDemo\Projects\Win\VS2012\../../../Obj/Win/VS2012/Release/Win32/tinyxml2.obj
         C:\portInst\OculusSDK\Samples\OculusWorldDemo\Projects\Win\VS2012\../../../Obj/Win/VS2012/Release/Win32/Render_XmlSceneLoader.obj
         C:\portInst\OculusSDK\Samples\OculusWorldDemo\Projects\Win\VS2012\../../../Obj/Win/VS2012/Release/Win32/OptionMenu.obj
         C:\portInst\OculusSDK\Samples\OculusWorldDemo\Projects\Win\VS2012\../../../Obj/Win/VS2012/Release/Win32/RenderProfiler.obj
         C:\portInst\OculusSDK\Samples\OculusWorldDemo\Projects\Win\VS2012\../../../Obj/Win/VS2012/Release/Win32/OculusWorldDemo.obj
         C:\portInst\OculusSDK\Samples\OculusWorldDemo\Projects\Win\VS2012\../../../Obj/Win/VS2012/Release/Win32/OculusWorldDemo_Scene.obj
         C:\portInst\OculusSDK\Samples\OculusWorldDemo\Projects\Win\VS2012\../../../Obj/Win/VS2012/Release/Win32/Player.obj
         Generating code
         Finished generating code
         OculusWorldDemo.vcxproj -> C:\portInst\OculusSDK\Samples\OculusWorldDemo\Projects\Win\VS2012\../../../Bin/Win/VS2012/Release/Win32/OculusWorldDemo.exe
     1>Done Building Project "C:\portInst\OculusSDK\Samples\OculusWorldDemo\Projects\Win\VS2012\OculusWorldDemo.vcxproj" (Rebuild target(s)).

Build succeeded.

Time Elapsed 00:00:09.31
