C:\PORTINST\OCULUSSDK\SAMPLES\OCULUSROOMTINY\OBJ\WIN\VS2012\DEBUG\WIN32\RENDERTINY_D3D11_DEVICE.OBJ
C:\PORTINST\OCULUSSDK\SAMPLES\OCULUSROOMTINY\OBJ\WIN\VS2012\DEBUG\WIN32\OCULUSROOMMODEL.OBJ
C:\PORTINST\OCULUSSDK\SAMPLES\OCULUSROOMTINY\OBJ\WIN\VS2012\DEBUG\WIN32\WIN32_OCULUSROOMTINY.OBJ
C:\PORTINST\OCULUSSDK\SAMPLES\OCULUSROOMTINY\OBJ\WIN\VS2012\DEBUG\WIN32\WIN32_OCULUSROOMTINY_UTIL.OBJ
C:\PORTINST\OCULUSSDK\SAMPLES\OCULUSROOMTINY\OBJ\WIN\VS2012\DEBUG\WIN32\WIN32_GAMEPAD.OBJ
C:\PORTINST\OCULUSSDK\SAMPLES\OCULUSROOMTINY\BIN\WIN\VS2012\DEBUG\WIN32\OCULUSROOKTINY.ILK
C:\PORTINST\OCULUSSDK\SAMPLES\OCULUSROOMTINY\BIN\WIN\VS2012\DEBUG\WIN32\OCULUSROOKTINY.EXE
C:\PORTINST\OCULUSSDK\SAMPLES\OCULUSROOMTINY\BIN\WIN\VS2012\DEBUG\WIN32\OCULUSROOKTINY.PDB
C:\portInst\OculusSDK\Samples\OculusRoomTiny\Obj\Win\VS2012\Debug\Win32\OculusRoomModel.obj
C:\portInst\OculusSDK\Samples\OculusRoomTiny\Obj\Win\VS2012\Debug\Win32\RenderTiny_D3D11_Device.obj
C:\portInst\OculusSDK\Samples\OculusRoomTiny\Obj\Win\VS2012\Debug\Win32\Win32_Gamepad.obj
C:\portInst\OculusSDK\Samples\OculusRoomTiny\Obj\Win\VS2012\Debug\Win32\Win32_OculusRoomTiny.obj
C:\portInst\OculusSDK\Samples\OculusRoomTiny\Obj\Win\VS2012\Debug\Win32\Win32_OculusRoomTiny_Util.obj
C:\portInst\OculusSDK\Samples\OculusRoomTiny\Obj\Win\VS2012\Debug\Win32\CL.1492.read.1.tlog
C:\portInst\OculusSDK\Samples\OculusRoomTiny\Obj\Win\VS2012\Debug\Win32\CL.1492.write.1.tlog
C:\portInst\OculusSDK\Samples\OculusRoomTiny\Obj\Win\VS2012\Debug\Win32\CL.1768.read.1.tlog
C:\portInst\OculusSDK\Samples\OculusRoomTiny\Obj\Win\VS2012\Debug\Win32\CL.1768.write.1.tlog
C:\portInst\OculusSDK\Samples\OculusRoomTiny\Obj\Win\VS2012\Debug\Win32\CL.3048.read.1.tlog
C:\portInst\OculusSDK\Samples\OculusRoomTiny\Obj\Win\VS2012\Debug\Win32\CL.3048.write.1.tlog
C:\portInst\OculusSDK\Samples\OculusRoomTiny\Obj\Win\VS2012\Debug\Win32\CL.3628.read.1.tlog
C:\portInst\OculusSDK\Samples\OculusRoomTiny\Obj\Win\VS2012\Debug\Win32\CL.3628.write.1.tlog
C:\portInst\OculusSDK\Samples\OculusRoomTiny\Obj\Win\VS2012\Debug\Win32\CL.3664.read.1.tlog
C:\portInst\OculusSDK\Samples\OculusRoomTiny\Obj\Win\VS2012\Debug\Win32\CL.3664.write.1.tlog
C:\portInst\OculusSDK\Samples\OculusRoomTiny\Obj\Win\VS2012\Debug\Win32\cl.command.1.tlog
C:\portInst\OculusSDK\Samples\OculusRoomTiny\Obj\Win\VS2012\Debug\Win32\CL.read.1.tlog
C:\portInst\OculusSDK\Samples\OculusRoomTiny\Obj\Win\VS2012\Debug\Win32\CL.write.1.tlog
C:\portInst\OculusSDK\Samples\OculusRoomTiny\Obj\Win\VS2012\Debug\Win32\link-cvtres.read.1.tlog
C:\portInst\OculusSDK\Samples\OculusRoomTiny\Obj\Win\VS2012\Debug\Win32\link-cvtres.write.1.tlog
C:\portInst\OculusSDK\Samples\OculusRoomTiny\Obj\Win\VS2012\Debug\Win32\link-rc.read.1.tlog
C:\portInst\OculusSDK\Samples\OculusRoomTiny\Obj\Win\VS2012\Debug\Win32\link-rc.write.1.tlog
C:\portInst\OculusSDK\Samples\OculusRoomTiny\Obj\Win\VS2012\Debug\Win32\link.6228-cvtres.read.1.tlog
C:\portInst\OculusSDK\Samples\OculusRoomTiny\Obj\Win\VS2012\Debug\Win32\link.6228-cvtres.write.1.tlog
C:\portInst\OculusSDK\Samples\OculusRoomTiny\Obj\Win\VS2012\Debug\Win32\link.6228-rc.read.1.tlog
C:\portInst\OculusSDK\Samples\OculusRoomTiny\Obj\Win\VS2012\Debug\Win32\link.6228-rc.write.1.tlog
C:\portInst\OculusSDK\Samples\OculusRoomTiny\Obj\Win\VS2012\Debug\Win32\link.6228.read.1.tlog
C:\portInst\OculusSDK\Samples\OculusRoomTiny\Obj\Win\VS2012\Debug\Win32\link.6228.write.1.tlog
C:\portInst\OculusSDK\Samples\OculusRoomTiny\Obj\Win\VS2012\Debug\Win32\link.command.1.tlog
C:\portInst\OculusSDK\Samples\OculusRoomTiny\Obj\Win\VS2012\Debug\Win32\link.read.1.tlog
C:\portInst\OculusSDK\Samples\OculusRoomTiny\Obj\Win\VS2012\Debug\Win32\link.write.1.tlog
C:\portInst\OculusSDK\Samples\OculusRoomTiny\Projects\Win\VS2012\../../../Bin/Win/VS2012/Debug/Win32/OculusRookTiny.pdb
C:\portInst\OculusSDK\Samples\OculusRoomTiny\Projects\Win\VS2012\../../../Bin/Win/VS2012/Debug/Win32/OculusRookTiny.exe
C:\portInst\OculusSDK\Samples\OculusRoomTiny\Projects\Win\VS2012\../../../Bin/Win/VS2012/Debug/Win32/OculusRookTiny.ilk
